
*** Running vivado
    with args -log fcc_nn_auto_pc_0.vds -m64 -product Vivado -mode batch -messageDb vivado.pb -notrace -source fcc_nn_auto_pc_0.tcl


****** Vivado v2019.2 (64-bit)
  **** SW Build 2708876 on Wed Nov  6 21:39:14 MST 2019
  **** IP Build 2700528 on Thu Nov  7 00:09:20 MST 2019
    ** Copyright 1986-2019 Xilinx, Inc. All Rights Reserved.

source fcc_nn_auto_pc_0.tcl -notrace
INFO: [IP_Flow 19-234] Refreshing IP repositories
WARNING: [IP_Flow 19-2248] Failed to load user IP repository '/home/anubhav/workspace-2019/ip_repo/myip_1.0'; Can't find the specified path.
If this directory should no longer be in your list of user repositories, go to the IP Settings dialog and remove it.
INFO: [IP_Flow 19-1700] Loaded user IP repository '/home/anubhav/workspace-2019/custom_ip'.
INFO: [IP_Flow 19-2313] Loaded Vivado IP repository '/tools/Xilinx/Vivado/2019.2/data/ip'.
Command: synth_design -top fcc_nn_auto_pc_0 -part xc7z020clg400-1 -mode out_of_context
Starting synth_design
WARNING: [Vivado_Tcl 4-393] The 'Synthesis' target of the following IPs are stale, please generate the output products using the generate_target or synth_ip command before running synth_design.
/home/anubhav/workspace-2019/neural_net/neural_net.srcs/sources_1/bd/fcc_nn/ip/fcc_nn_auto_pc_0/fcc_nn_auto_pc_0.xci

Attempting to get a license for feature 'Synthesis' and/or device 'xc7z020'
INFO: [Common 17-349] Got license for feature 'Synthesis' and/or device 'xc7z020'
INFO: [Device 21-403] Loading part xc7z020clg400-1
ERROR: [Runs 36-287] File does not exist or is not accessible:'/home/anubhav/workspace-2019/neural_net/neural_net.srcs/sources_1/bd/fcc_nn/ipshared/b752/hdl/generic_baseblocks_v2_1_vl_rfs.v'
ERROR: [Runs 36-287] File does not exist or is not accessible:'/home/anubhav/workspace-2019/neural_net/neural_net.srcs/sources_1/bd/fcc_nn/ipshared/60de/hdl/axi_data_fifo_v2_1_vl_rfs.v'
ERROR: [Runs 36-287] File does not exist or is not accessible:'/home/anubhav/workspace-2019/neural_net/neural_net.srcs/sources_1/bd/fcc_nn/ipshared/ec67/hdl/axi_infrastructure_v1_1_0.vh'
ERROR: [Runs 36-287] File does not exist or is not accessible:'/home/anubhav/workspace-2019/neural_net/neural_net.srcs/sources_1/bd/fcc_nn/ipshared/ec67/hdl/axi_infrastructure_v1_1_vl_rfs.v'
ERROR: [Runs 36-287] File does not exist or is not accessible:'/home/anubhav/workspace-2019/neural_net/neural_net.srcs/sources_1/bd/fcc_nn/ipshared/72d4/hdl/axi_register_slice_v2_1_vl_rfs.v'
ERROR: [Runs 36-287] File does not exist or is not accessible:'/home/anubhav/workspace-2019/neural_net/neural_net.srcs/sources_1/bd/fcc_nn/ipshared/c4a6/hdl/axi_protocol_converter_v2_1_vl_rfs.v'
ERROR: [Runs 36-287] File does not exist or is not accessible:'/home/anubhav/workspace-2019/neural_net/neural_net.srcs/sources_1/bd/fcc_nn/ipshared/2985/hdl/blk_mem_gen_v8_4_vhsyn_rfs.vhd'
ERROR: [Runs 36-287] File does not exist or is not accessible:'/home/anubhav/workspace-2019/neural_net/neural_net.srcs/sources_1/bd/fcc_nn/ipshared/276e/hdl/fifo_generator_v13_2_vhsyn_rfs.vhd'
ERROR: [Runs 36-287] File does not exist or is not accessible:'/home/anubhav/workspace-2019/neural_net/neural_net.srcs/sources_1/bd/fcc_nn/ip/fcc_nn_auto_pc_0/synth/fcc_nn_auto_pc_0.v'
INFO: Launching helper process for spawning children vivado processes
INFO: Helper process launched with PID 10138 
ERROR: [Synth 8-1769] cannot open verilog file /home/anubhav/workspace-2019/neural_net/neural_net.srcs/sources_1/bd/fcc_nn/ipshared/b752/hdl/generic_baseblocks_v2_1_vl_rfs.v
Failed to read verilog '/home/anubhav/workspace-2019/neural_net/neural_net.srcs/sources_1/bd/fcc_nn/ipshared/b752/hdl/generic_baseblocks_v2_1_vl_rfs.v'
INFO: [Common 17-83] Releasing license: Synthesis
6 Infos, 2 Warnings, 0 Critical Warnings and 11 Errors encountered.
synth_design failed
ERROR: [Common 17-69] Command failed: Synthesis failed - please see the console or run log file for details
INFO: [Common 17-206] Exiting Vivado at Wed Dec  8 12:00:08 2021...
