

================================================================
== Vivado HLS Report for 'forward_fcc'
================================================================
* Date:           Wed Nov 24 22:25:15 2021

* Version:        2019.2 (Build 2704478 on Wed Nov 06 22:10:23 MST 2019)
* Project:        fwprop
* Solution:       solution1
* Product family: zynq
* Target device:  xc7z020-clg484-1


================================================================
== Performance Estimates
================================================================
+ Timing: 
    * Summary: 
    +--------+----------+----------+------------+
    |  Clock |  Target  | Estimated| Uncertainty|
    +--------+----------+----------+------------+
    |ap_clk  | 10.00 ns | 8.750 ns |   1.25 ns  |
    +--------+----------+----------+------------+

+ Latency: 
    * Summary: 
    +---------+---------+----------+----------+-----+-----+---------+
    |  Latency (cycles) |  Latency (absolute) |  Interval | Pipeline|
    |   min   |   max   |    min   |    max   | min | max |   Type  |
    +---------+---------+----------+----------+-----+-----+---------+
    |        ?|        ?|         ?|         ?|    ?|    ?|   none  |
    +---------+---------+----------+----------+-----+-----+---------+

    + Detail: 
        * Instance: 
        N/A

        * Loop: 
        +-------------+---------+---------+----------+-----------+-----------+------+----------+
        |             |  Latency (cycles) | Iteration|  Initiation Interval  | Trip |          |
        |  Loop Name  |   min   |   max   |  Latency |  achieved |   target  | Count| Pipelined|
        +-------------+---------+---------+----------+-----------+-----------+------+----------+
        |- Loop 1     |        ?|        ?|         ?|          -|          -|     ?|    no    |
        | + Loop 1.1  |        ?|        ?|        25|          -|          -|     ?|    no    |
        +-------------+---------+---------+----------+-----------+-----------+------+----------+

============================================================
+ Verbose Summary: Synthesis Manager
============================================================
InlineROM: 1
ExposeGlobal: 0
============================================================
+ Verbose Summary: CDFG Model
============================================================
IsTopModel: 1
ResetActiveHigh: 1
IsCombinational: 0
IsDatapathOnly: 0
HasWiredReturn: 1
HasMFsm: 0
HasVarLatency: 1
IsPipeline: 0
IsRtlPipelined: 0
IsInstanceOverlapped: 0
IsDontTouch: 0
HasImplIP: 0
IsGatedGlobalClock: 0


============================================================
+ Verbose Summary: Schedule
============================================================
* Number of FSM states : 41
* Pipeline : 0
* Dataflow Pipeline: 0

* FSM state transitions: 
1 --> 2 
2 --> 3 
3 --> 4 
4 --> 5 
5 --> 6 
6 --> 7 
7 --> 8 
8 --> 9 
9 --> 10 
10 --> 11 
11 --> 12 
12 --> 13 
13 --> 14 
14 --> 15 
15 --> 16 
16 --> 17 
17 --> 18 2 
18 --> 19 
19 --> 20 
20 --> 21 
21 --> 22 
22 --> 23 
23 --> 24 
24 --> 25 
25 --> 26 
26 --> 27 
27 --> 28 
28 --> 29 
29 --> 30 
30 --> 31 
31 --> 32 
32 --> 33 
33 --> 34 
34 --> 35 
35 --> 36 
36 --> 37 
37 --> 38 
38 --> 39 
39 --> 40 
40 --> 41 
41 --> 17 

* FSM state operations: 

State 1 <SV = 0> <Delay = 1.76>
ST_1 : Operation 42 [1/1] (1.00ns)   --->   "%ydim_read = call i32 @_ssdm_op_Read.s_axilite.i32(i32 %ydim)"   --->   Operation 42 'read' 'ydim_read' <Predicate = true> <Delay = 1.00> <Core = "s_axilite">   --->   Core 10 's_axilite' <Latency = 0> <II = 1> <Delay = 1.00> <Adapter> <Opcode : 'read' 'write'>
ST_1 : Operation 43 [1/1] (1.00ns)   --->   "%xdim_read = call i32 @_ssdm_op_Read.s_axilite.i32(i32 %xdim)"   --->   Operation 43 'read' 'xdim_read' <Predicate = true> <Delay = 1.00> <Core = "s_axilite">   --->   Core 10 's_axilite' <Latency = 0> <II = 1> <Delay = 1.00> <Adapter> <Opcode : 'read' 'write'>
ST_1 : Operation 44 [1/1] (1.00ns)   --->   "%b_read = call i32 @_ssdm_op_Read.s_axilite.i32(i32 %b)"   --->   Operation 44 'read' 'b_read' <Predicate = true> <Delay = 1.00> <Core = "s_axilite">   --->   Core 10 's_axilite' <Latency = 0> <II = 1> <Delay = 1.00> <Adapter> <Opcode : 'read' 'write'>
ST_1 : Operation 45 [1/1] (1.00ns)   --->   "%y_read = call i32 @_ssdm_op_Read.s_axilite.i32(i32 %y)"   --->   Operation 45 'read' 'y_read' <Predicate = true> <Delay = 1.00> <Core = "s_axilite">   --->   Core 10 's_axilite' <Latency = 0> <II = 1> <Delay = 1.00> <Adapter> <Opcode : 'read' 'write'>
ST_1 : Operation 46 [1/1] (1.00ns)   --->   "%w_read = call i32 @_ssdm_op_Read.s_axilite.i32(i32 %w)"   --->   Operation 46 'read' 'w_read' <Predicate = true> <Delay = 1.00> <Core = "s_axilite">   --->   Core 10 's_axilite' <Latency = 0> <II = 1> <Delay = 1.00> <Adapter> <Opcode : 'read' 'write'>
ST_1 : Operation 47 [1/1] (1.00ns)   --->   "%x_read = call i32 @_ssdm_op_Read.s_axilite.i32(i32 %x)"   --->   Operation 47 'read' 'x_read' <Predicate = true> <Delay = 1.00> <Core = "s_axilite">   --->   Core 10 's_axilite' <Latency = 0> <II = 1> <Delay = 1.00> <Adapter> <Opcode : 'read' 'write'>
ST_1 : Operation 48 [1/1] (0.00ns)   --->   "%tmp_2 = call i30 @_ssdm_op_PartSelect.i30.i32.i32.i32(i32 %b_read, i32 2, i32 31)"   --->   Operation 48 'partselect' 'tmp_2' <Predicate = true> <Delay = 0.00>
ST_1 : Operation 49 [1/1] (0.00ns)   --->   "%p_cast12 = zext i30 %tmp_2 to i32"   --->   Operation 49 'zext' 'p_cast12' <Predicate = true> <Delay = 0.00>
ST_1 : Operation 50 [1/1] (0.00ns)   --->   "%tmp_3 = call i30 @_ssdm_op_PartSelect.i30.i32.i32.i32(i32 %y_read, i32 2, i32 31)"   --->   Operation 50 'partselect' 'tmp_3' <Predicate = true> <Delay = 0.00>
ST_1 : Operation 51 [1/1] (0.00ns)   --->   "%p_cast11 = zext i30 %tmp_3 to i32"   --->   Operation 51 'zext' 'p_cast11' <Predicate = true> <Delay = 0.00>
ST_1 : Operation 52 [1/1] (0.00ns)   --->   "%tmp_4 = call i30 @_ssdm_op_PartSelect.i30.i32.i32.i32(i32 %w_read, i32 2, i32 31)"   --->   Operation 52 'partselect' 'tmp_4' <Predicate = true> <Delay = 0.00>
ST_1 : Operation 53 [1/1] (0.00ns)   --->   "%p_cast10 = zext i30 %tmp_4 to i33"   --->   Operation 53 'zext' 'p_cast10' <Predicate = true> <Delay = 0.00>
ST_1 : Operation 54 [1/1] (0.00ns)   --->   "%tmp_5 = call i30 @_ssdm_op_PartSelect.i30.i32.i32.i32(i32 %x_read, i32 2, i32 31)"   --->   Operation 54 'partselect' 'tmp_5' <Predicate = true> <Delay = 0.00>
ST_1 : Operation 55 [1/1] (0.00ns)   --->   "%p_cast = zext i30 %tmp_5 to i32"   --->   Operation 55 'zext' 'p_cast' <Predicate = true> <Delay = 0.00>
ST_1 : Operation 56 [1/1] (0.00ns)   --->   "call void (...)* @_ssdm_op_SpecBitsMap(float* %gmem), !map !12"   --->   Operation 56 'specbitsmap' <Predicate = true> <Delay = 0.00>
ST_1 : Operation 57 [1/1] (0.00ns)   --->   "call void (...)* @_ssdm_op_SpecBitsMap(i32 %xdim) nounwind, !map !21"   --->   Operation 57 'specbitsmap' <Predicate = true> <Delay = 0.00>
ST_1 : Operation 58 [1/1] (0.00ns)   --->   "call void (...)* @_ssdm_op_SpecBitsMap(i32 %ydim) nounwind, !map !27"   --->   Operation 58 'specbitsmap' <Predicate = true> <Delay = 0.00>
ST_1 : Operation 59 [1/1] (0.00ns)   --->   "call void (...)* @_ssdm_op_SpecTopModule([12 x i8]* @forward_fcc_str) nounwind"   --->   Operation 59 'spectopmodule' <Predicate = true> <Delay = 0.00>
ST_1 : Operation 60 [1/1] (0.00ns)   --->   "call void (...)* @_ssdm_op_SpecInterface(float* %gmem, [6 x i8]* @p_str, i32 0, i32 0, [1 x i8]* @p_str1, i32 0, i32 0, [5 x i8]* @p_str2, [6 x i8]* @p_str3, [1 x i8]* @p_str1, i32 16, i32 16, i32 16, i32 16, [1 x i8]* @p_str1, [1 x i8]* @p_str1) nounwind" [fwprop.cpp:4]   --->   Operation 60 'specinterface' <Predicate = true> <Delay = 0.00>
ST_1 : Operation 61 [1/1] (0.00ns)   --->   "call void (...)* @_ssdm_op_SpecInterface(i32 %x, [10 x i8]* @mode, i32 0, i32 0, [1 x i8]* @p_str1, i32 0, i32 0, [1 x i8]* @bundle, [6 x i8]* @p_str3, [1 x i8]* @p_str1, i32 16, i32 16, i32 16, i32 16, [1 x i8]* @p_str1, [1 x i8]* @p_str1) nounwind" [fwprop.cpp:4]   --->   Operation 61 'specinterface' <Predicate = true> <Delay = 0.00>
ST_1 : Operation 62 [1/1] (0.00ns)   --->   "call void (...)* @_ssdm_op_SpecInterface(i32 %w, [10 x i8]* @mode1, i32 0, i32 0, [1 x i8]* @p_str1, i32 0, i32 0, [1 x i8]* @bundle2, [6 x i8]* @p_str3, [1 x i8]* @p_str1, i32 16, i32 16, i32 16, i32 16, [1 x i8]* @p_str1, [1 x i8]* @p_str1) nounwind" [fwprop.cpp:5]   --->   Operation 62 'specinterface' <Predicate = true> <Delay = 0.00>
ST_1 : Operation 63 [1/1] (0.00ns)   --->   "call void (...)* @_ssdm_op_SpecInterface(i32 %y, [10 x i8]* @mode3, i32 0, i32 0, [1 x i8]* @p_str1, i32 0, i32 0, [1 x i8]* @bundle4, [6 x i8]* @p_str3, [1 x i8]* @p_str1, i32 16, i32 16, i32 16, i32 16, [1 x i8]* @p_str1, [1 x i8]* @p_str1) nounwind" [fwprop.cpp:6]   --->   Operation 63 'specinterface' <Predicate = true> <Delay = 0.00>
ST_1 : Operation 64 [1/1] (0.00ns)   --->   "call void (...)* @_ssdm_op_SpecInterface(i32 %b, [10 x i8]* @mode5, i32 0, i32 0, [1 x i8]* @p_str1, i32 0, i32 0, [1 x i8]* @bundle6, [6 x i8]* @p_str3, [1 x i8]* @p_str1, i32 16, i32 16, i32 16, i32 16, [1 x i8]* @p_str1, [1 x i8]* @p_str1) nounwind" [fwprop.cpp:7]   --->   Operation 64 'specinterface' <Predicate = true> <Delay = 0.00>
ST_1 : Operation 65 [1/1] (0.00ns)   --->   "call void (...)* @_ssdm_op_SpecInterface(i32 %xdim, [10 x i8]* @p_str4, i32 0, i32 0, [1 x i8]* @p_str1, i32 0, i32 0, [1 x i8]* @p_str1, [1 x i8]* @p_str1, [1 x i8]* @p_str1, i32 0, i32 0, i32 0, i32 0, [1 x i8]* @p_str1, [1 x i8]* @p_str1) nounwind" [fwprop.cpp:8]   --->   Operation 65 'specinterface' <Predicate = true> <Delay = 0.00>
ST_1 : Operation 66 [1/1] (0.00ns)   --->   "call void (...)* @_ssdm_op_SpecInterface(i32 %ydim, [10 x i8]* @p_str4, i32 0, i32 0, [1 x i8]* @p_str1, i32 0, i32 0, [1 x i8]* @p_str1, [1 x i8]* @p_str1, [1 x i8]* @p_str1, i32 0, i32 0, i32 0, i32 0, [1 x i8]* @p_str1, [1 x i8]* @p_str1) nounwind" [fwprop.cpp:9]   --->   Operation 66 'specinterface' <Predicate = true> <Delay = 0.00>
ST_1 : Operation 67 [1/1] (1.76ns)   --->   "br label %.loopexit" [fwprop.cpp:11]   --->   Operation 67 'br' <Predicate = true> <Delay = 1.76>

State 2 <SV = 1> <Delay = 2.55>
ST_2 : Operation 68 [1/1] (0.00ns)   --->   "%i_0 = phi i31 [ 0, %0 ], [ %i, %.loopexit.loopexit ]"   --->   Operation 68 'phi' 'i_0' <Predicate = true> <Delay = 0.00>
ST_2 : Operation 69 [1/1] (0.00ns)   --->   "%phi_mul = phi i32 [ 0, %0 ], [ %add_ln11, %.loopexit.loopexit ]" [fwprop.cpp:11]   --->   Operation 69 'phi' 'phi_mul' <Predicate = true> <Delay = 0.00>
ST_2 : Operation 70 [1/1] (2.55ns)   --->   "%add_ln11 = add i32 %phi_mul, %xdim_read" [fwprop.cpp:11]   --->   Operation 70 'add' 'add_ln11' <Predicate = true> <Delay = 2.55> <Core = "AddSub">   --->   Core 14 'AddSub' <Latency = 0> <II = 1> <Delay = 2.52> <FuncUnit> <Opcode : 'add' 'sub'> <InPorts = 2> <OutPorts = 1>
ST_2 : Operation 71 [1/1] (0.00ns)   --->   "%zext_ln11 = zext i31 %i_0 to i32" [fwprop.cpp:11]   --->   Operation 71 'zext' 'zext_ln11' <Predicate = true> <Delay = 0.00>
ST_2 : Operation 72 [1/1] (2.47ns)   --->   "%icmp_ln11 = icmp slt i32 %zext_ln11, %ydim_read" [fwprop.cpp:11]   --->   Operation 72 'icmp' 'icmp_ln11' <Predicate = true> <Delay = 2.47> <Core = "Cmp">   --->   Core 25 'Cmp' <Latency = 0> <II = 1> <Delay = 2.47> <FuncUnit> <Opcode : 'icmp'> <InPorts = 2> <OutPorts = 1>
ST_2 : Operation 73 [1/1] (2.52ns)   --->   "%i = add i31 %i_0, 1" [fwprop.cpp:11]   --->   Operation 73 'add' 'i' <Predicate = true> <Delay = 2.52> <Core = "AddSub">   --->   Core 14 'AddSub' <Latency = 0> <II = 1> <Delay = 2.52> <FuncUnit> <Opcode : 'add' 'sub'> <InPorts = 2> <OutPorts = 1>
ST_2 : Operation 74 [1/1] (0.00ns)   --->   "br i1 %icmp_ln11, label %1, label %4" [fwprop.cpp:11]   --->   Operation 74 'br' <Predicate = true> <Delay = 0.00>
ST_2 : Operation 75 [1/1] (2.52ns)   --->   "%add_ln12 = add i32 %zext_ln11, %p_cast12" [fwprop.cpp:12]   --->   Operation 75 'add' 'add_ln12' <Predicate = (icmp_ln11)> <Delay = 2.52> <Core = "AddSub">   --->   Core 14 'AddSub' <Latency = 0> <II = 1> <Delay = 2.52> <FuncUnit> <Opcode : 'add' 'sub'> <InPorts = 2> <OutPorts = 1>
ST_2 : Operation 76 [1/1] (2.52ns)   --->   "%add_ln12_1 = add i32 %zext_ln11, %p_cast11" [fwprop.cpp:12]   --->   Operation 76 'add' 'add_ln12_1' <Predicate = (icmp_ln11)> <Delay = 2.52> <Core = "AddSub">   --->   Core 14 'AddSub' <Latency = 0> <II = 1> <Delay = 2.52> <FuncUnit> <Opcode : 'add' 'sub'> <InPorts = 2> <OutPorts = 1>
ST_2 : Operation 77 [1/1] (0.00ns)   --->   "ret void" [fwprop.cpp:19]   --->   Operation 77 'ret' <Predicate = (!icmp_ln11)> <Delay = 0.00>

State 3 <SV = 2> <Delay = 8.75>
ST_3 : Operation 78 [1/1] (0.00ns)   --->   "%zext_ln12 = zext i32 %add_ln12 to i64" [fwprop.cpp:12]   --->   Operation 78 'zext' 'zext_ln12' <Predicate = true> <Delay = 0.00>
ST_3 : Operation 79 [1/1] (0.00ns)   --->   "%gmem_addr = getelementptr inbounds float* %gmem, i64 %zext_ln12" [fwprop.cpp:12]   --->   Operation 79 'getelementptr' 'gmem_addr' <Predicate = true> <Delay = 0.00>
ST_3 : Operation 80 [7/7] (8.75ns)   --->   "%gmem_load_req = call i1 @_ssdm_op_ReadReq.m_axi.floatP(float* %gmem_addr, i32 1)" [fwprop.cpp:12]   --->   Operation 80 'readreq' 'gmem_load_req' <Predicate = true> <Delay = 8.75> <Core = "m_axi">   --->   Core 9 'm_axi' <Latency = 6> <II = 1> <Delay = 1.00> <Adapter> <Opcode : 'read' 'write' 'readreq' 'writereq' 'writeresp'>

State 4 <SV = 3> <Delay = 8.75>
ST_4 : Operation 81 [6/7] (8.75ns)   --->   "%gmem_load_req = call i1 @_ssdm_op_ReadReq.m_axi.floatP(float* %gmem_addr, i32 1)" [fwprop.cpp:12]   --->   Operation 81 'readreq' 'gmem_load_req' <Predicate = true> <Delay = 8.75> <Core = "m_axi">   --->   Core 9 'm_axi' <Latency = 6> <II = 1> <Delay = 1.00> <Adapter> <Opcode : 'read' 'write' 'readreq' 'writereq' 'writeresp'>

State 5 <SV = 4> <Delay = 8.75>
ST_5 : Operation 82 [5/7] (8.75ns)   --->   "%gmem_load_req = call i1 @_ssdm_op_ReadReq.m_axi.floatP(float* %gmem_addr, i32 1)" [fwprop.cpp:12]   --->   Operation 82 'readreq' 'gmem_load_req' <Predicate = true> <Delay = 8.75> <Core = "m_axi">   --->   Core 9 'm_axi' <Latency = 6> <II = 1> <Delay = 1.00> <Adapter> <Opcode : 'read' 'write' 'readreq' 'writereq' 'writeresp'>

State 6 <SV = 5> <Delay = 8.75>
ST_6 : Operation 83 [4/7] (8.75ns)   --->   "%gmem_load_req = call i1 @_ssdm_op_ReadReq.m_axi.floatP(float* %gmem_addr, i32 1)" [fwprop.cpp:12]   --->   Operation 83 'readreq' 'gmem_load_req' <Predicate = true> <Delay = 8.75> <Core = "m_axi">   --->   Core 9 'm_axi' <Latency = 6> <II = 1> <Delay = 1.00> <Adapter> <Opcode : 'read' 'write' 'readreq' 'writereq' 'writeresp'>

State 7 <SV = 6> <Delay = 8.75>
ST_7 : Operation 84 [3/7] (8.75ns)   --->   "%gmem_load_req = call i1 @_ssdm_op_ReadReq.m_axi.floatP(float* %gmem_addr, i32 1)" [fwprop.cpp:12]   --->   Operation 84 'readreq' 'gmem_load_req' <Predicate = true> <Delay = 8.75> <Core = "m_axi">   --->   Core 9 'm_axi' <Latency = 6> <II = 1> <Delay = 1.00> <Adapter> <Opcode : 'read' 'write' 'readreq' 'writereq' 'writeresp'>

State 8 <SV = 7> <Delay = 8.75>
ST_8 : Operation 85 [2/7] (8.75ns)   --->   "%gmem_load_req = call i1 @_ssdm_op_ReadReq.m_axi.floatP(float* %gmem_addr, i32 1)" [fwprop.cpp:12]   --->   Operation 85 'readreq' 'gmem_load_req' <Predicate = true> <Delay = 8.75> <Core = "m_axi">   --->   Core 9 'm_axi' <Latency = 6> <II = 1> <Delay = 1.00> <Adapter> <Opcode : 'read' 'write' 'readreq' 'writereq' 'writeresp'>

State 9 <SV = 8> <Delay = 8.75>
ST_9 : Operation 86 [1/7] (8.75ns)   --->   "%gmem_load_req = call i1 @_ssdm_op_ReadReq.m_axi.floatP(float* %gmem_addr, i32 1)" [fwprop.cpp:12]   --->   Operation 86 'readreq' 'gmem_load_req' <Predicate = true> <Delay = 8.75> <Core = "m_axi">   --->   Core 9 'm_axi' <Latency = 6> <II = 1> <Delay = 1.00> <Adapter> <Opcode : 'read' 'write' 'readreq' 'writereq' 'writeresp'>

State 10 <SV = 9> <Delay = 8.75>
ST_10 : Operation 87 [1/1] (8.75ns)   --->   "%gmem_addr_read = call float @_ssdm_op_Read.m_axi.floatP(float* %gmem_addr)" [fwprop.cpp:12]   --->   Operation 87 'read' 'gmem_addr_read' <Predicate = true> <Delay = 8.75> <Core = "m_axi">   --->   Core 9 'm_axi' <Latency = 6> <II = 1> <Delay = 1.00> <Adapter> <Opcode : 'read' 'write' 'readreq' 'writereq' 'writeresp'>
ST_10 : Operation 88 [1/1] (0.00ns)   --->   "%zext_ln12_1 = zext i32 %add_ln12_1 to i64" [fwprop.cpp:12]   --->   Operation 88 'zext' 'zext_ln12_1' <Predicate = true> <Delay = 0.00>
ST_10 : Operation 89 [1/1] (0.00ns)   --->   "%gmem_addr_1 = getelementptr inbounds float* %gmem, i64 %zext_ln12_1" [fwprop.cpp:12]   --->   Operation 89 'getelementptr' 'gmem_addr_1' <Predicate = true> <Delay = 0.00>
ST_10 : Operation 90 [1/1] (8.75ns)   --->   "%gmem_addr_3_req19 = call i1 @_ssdm_op_WriteReq.m_axi.floatP(float* %gmem_addr_1, i32 1)" [fwprop.cpp:12]   --->   Operation 90 'writereq' 'gmem_addr_3_req19' <Predicate = true> <Delay = 8.75> <Core = "m_axi">   --->   Core 9 'm_axi' <Latency = 6> <II = 1> <Delay = 1.00> <Adapter> <Opcode : 'read' 'write' 'readreq' 'writereq' 'writeresp'>

State 11 <SV = 10> <Delay = 8.75>
ST_11 : Operation 91 [1/1] (8.75ns)   --->   "call void @_ssdm_op_Write.m_axi.floatP(float* %gmem_addr_1, float %gmem_addr_read, i4 -1)" [fwprop.cpp:12]   --->   Operation 91 'write' <Predicate = true> <Delay = 8.75> <Core = "m_axi">   --->   Core 9 'm_axi' <Latency = 6> <II = 1> <Delay = 1.00> <Adapter> <Opcode : 'read' 'write' 'readreq' 'writereq' 'writeresp'>

State 12 <SV = 11> <Delay = 8.75>
ST_12 : Operation 92 [5/5] (8.75ns)   --->   "%gmem_addr_3_resp20 = call i1 @_ssdm_op_WriteResp.m_axi.floatP(float* %gmem_addr_1)" [fwprop.cpp:12]   --->   Operation 92 'writeresp' 'gmem_addr_3_resp20' <Predicate = true> <Delay = 8.75> <Core = "m_axi">   --->   Core 9 'm_axi' <Latency = 6> <II = 1> <Delay = 1.00> <Adapter> <Opcode : 'read' 'write' 'readreq' 'writereq' 'writeresp'>

State 13 <SV = 12> <Delay = 8.75>
ST_13 : Operation 93 [4/5] (8.75ns)   --->   "%gmem_addr_3_resp20 = call i1 @_ssdm_op_WriteResp.m_axi.floatP(float* %gmem_addr_1)" [fwprop.cpp:12]   --->   Operation 93 'writeresp' 'gmem_addr_3_resp20' <Predicate = true> <Delay = 8.75> <Core = "m_axi">   --->   Core 9 'm_axi' <Latency = 6> <II = 1> <Delay = 1.00> <Adapter> <Opcode : 'read' 'write' 'readreq' 'writereq' 'writeresp'>

State 14 <SV = 13> <Delay = 8.75>
ST_14 : Operation 94 [3/5] (8.75ns)   --->   "%gmem_addr_3_resp20 = call i1 @_ssdm_op_WriteResp.m_axi.floatP(float* %gmem_addr_1)" [fwprop.cpp:12]   --->   Operation 94 'writeresp' 'gmem_addr_3_resp20' <Predicate = true> <Delay = 8.75> <Core = "m_axi">   --->   Core 9 'm_axi' <Latency = 6> <II = 1> <Delay = 1.00> <Adapter> <Opcode : 'read' 'write' 'readreq' 'writereq' 'writeresp'>

State 15 <SV = 14> <Delay = 8.75>
ST_15 : Operation 95 [2/5] (8.75ns)   --->   "%gmem_addr_3_resp20 = call i1 @_ssdm_op_WriteResp.m_axi.floatP(float* %gmem_addr_1)" [fwprop.cpp:12]   --->   Operation 95 'writeresp' 'gmem_addr_3_resp20' <Predicate = true> <Delay = 8.75> <Core = "m_axi">   --->   Core 9 'm_axi' <Latency = 6> <II = 1> <Delay = 1.00> <Adapter> <Opcode : 'read' 'write' 'readreq' 'writereq' 'writeresp'>

State 16 <SV = 15> <Delay = 8.75>
ST_16 : Operation 96 [1/5] (8.75ns)   --->   "%gmem_addr_3_resp20 = call i1 @_ssdm_op_WriteResp.m_axi.floatP(float* %gmem_addr_1)" [fwprop.cpp:12]   --->   Operation 96 'writeresp' 'gmem_addr_3_resp20' <Predicate = true> <Delay = 8.75> <Core = "m_axi">   --->   Core 9 'm_axi' <Latency = 6> <II = 1> <Delay = 1.00> <Adapter> <Opcode : 'read' 'write' 'readreq' 'writereq' 'writeresp'>
ST_16 : Operation 97 [1/1] (1.76ns)   --->   "br label %2" [fwprop.cpp:14]   --->   Operation 97 'br' <Predicate = true> <Delay = 1.76>

State 17 <SV = 16> <Delay = 5.10>
ST_17 : Operation 98 [1/1] (0.00ns)   --->   "%empty = phi float [ %gmem_addr_read, %1 ], [ %tmp_1, %3 ]" [fwprop.cpp:12]   --->   Operation 98 'phi' 'empty' <Predicate = true> <Delay = 0.00>
ST_17 : Operation 99 [1/1] (0.00ns)   --->   "%j_0 = phi i31 [ 0, %1 ], [ %j, %3 ]"   --->   Operation 99 'phi' 'j_0' <Predicate = true> <Delay = 0.00>
ST_17 : Operation 100 [1/1] (0.00ns)   --->   "%zext_ln14 = zext i31 %j_0 to i32" [fwprop.cpp:14]   --->   Operation 100 'zext' 'zext_ln14' <Predicate = true> <Delay = 0.00>
ST_17 : Operation 101 [1/1] (2.47ns)   --->   "%icmp_ln14 = icmp slt i32 %zext_ln14, %xdim_read" [fwprop.cpp:14]   --->   Operation 101 'icmp' 'icmp_ln14' <Predicate = true> <Delay = 2.47> <Core = "Cmp">   --->   Core 25 'Cmp' <Latency = 0> <II = 1> <Delay = 2.47> <FuncUnit> <Opcode : 'icmp'> <InPorts = 2> <OutPorts = 1>
ST_17 : Operation 102 [1/1] (2.52ns)   --->   "%j = add i31 %j_0, 1" [fwprop.cpp:14]   --->   Operation 102 'add' 'j' <Predicate = true> <Delay = 2.52> <Core = "AddSub">   --->   Core 14 'AddSub' <Latency = 0> <II = 1> <Delay = 2.52> <FuncUnit> <Opcode : 'add' 'sub'> <InPorts = 2> <OutPorts = 1>
ST_17 : Operation 103 [1/1] (0.00ns)   --->   "br i1 %icmp_ln14, label %3, label %.loopexit.loopexit" [fwprop.cpp:14]   --->   Operation 103 'br' <Predicate = true> <Delay = 0.00>
ST_17 : Operation 104 [1/1] (2.55ns)   --->   "%add_ln15 = add nsw i32 %zext_ln14, %phi_mul" [fwprop.cpp:15]   --->   Operation 104 'add' 'add_ln15' <Predicate = (icmp_ln14)> <Delay = 2.55> <Core = "AddSub">   --->   Core 14 'AddSub' <Latency = 0> <II = 1> <Delay = 2.52> <FuncUnit> <Opcode : 'add' 'sub'> <InPorts = 2> <OutPorts = 1>
ST_17 : Operation 105 [1/1] (0.00ns)   --->   "%sext_ln15 = sext i32 %add_ln15 to i33" [fwprop.cpp:15]   --->   Operation 105 'sext' 'sext_ln15' <Predicate = (icmp_ln14)> <Delay = 0.00>
ST_17 : Operation 106 [1/1] (2.55ns)   --->   "%add_ln15_1 = add i33 %sext_ln15, %p_cast10" [fwprop.cpp:15]   --->   Operation 106 'add' 'add_ln15_1' <Predicate = (icmp_ln14)> <Delay = 2.55> <Core = "AddSub">   --->   Core 14 'AddSub' <Latency = 0> <II = 1> <Delay = 2.52> <FuncUnit> <Opcode : 'add' 'sub'> <InPorts = 2> <OutPorts = 1>
ST_17 : Operation 107 [1/1] (0.00ns)   --->   "%sext_ln15_1 = sext i33 %add_ln15_1 to i64" [fwprop.cpp:15]   --->   Operation 107 'sext' 'sext_ln15_1' <Predicate = (icmp_ln14)> <Delay = 0.00>
ST_17 : Operation 108 [1/1] (0.00ns)   --->   "%gmem_addr_2 = getelementptr inbounds float* %gmem, i64 %sext_ln15_1" [fwprop.cpp:15]   --->   Operation 108 'getelementptr' 'gmem_addr_2' <Predicate = (icmp_ln14)> <Delay = 0.00>
ST_17 : Operation 109 [1/1] (2.52ns)   --->   "%add_ln15_2 = add i32 %zext_ln14, %p_cast" [fwprop.cpp:15]   --->   Operation 109 'add' 'add_ln15_2' <Predicate = (icmp_ln14)> <Delay = 2.52> <Core = "AddSub">   --->   Core 14 'AddSub' <Latency = 0> <II = 1> <Delay = 2.52> <FuncUnit> <Opcode : 'add' 'sub'> <InPorts = 2> <OutPorts = 1>
ST_17 : Operation 110 [1/1] (0.00ns)   --->   "br label %.loopexit"   --->   Operation 110 'br' <Predicate = (!icmp_ln14)> <Delay = 0.00>

State 18 <SV = 17> <Delay = 8.75>
ST_18 : Operation 111 [7/7] (8.75ns)   --->   "%gmem_load_1_req = call i1 @_ssdm_op_ReadReq.m_axi.floatP(float* %gmem_addr_2, i32 1)" [fwprop.cpp:15]   --->   Operation 111 'readreq' 'gmem_load_1_req' <Predicate = true> <Delay = 8.75> <Core = "m_axi">   --->   Core 9 'm_axi' <Latency = 6> <II = 1> <Delay = 1.00> <Adapter> <Opcode : 'read' 'write' 'readreq' 'writereq' 'writeresp'>

State 19 <SV = 18> <Delay = 8.75>
ST_19 : Operation 112 [6/7] (8.75ns)   --->   "%gmem_load_1_req = call i1 @_ssdm_op_ReadReq.m_axi.floatP(float* %gmem_addr_2, i32 1)" [fwprop.cpp:15]   --->   Operation 112 'readreq' 'gmem_load_1_req' <Predicate = true> <Delay = 8.75> <Core = "m_axi">   --->   Core 9 'm_axi' <Latency = 6> <II = 1> <Delay = 1.00> <Adapter> <Opcode : 'read' 'write' 'readreq' 'writereq' 'writeresp'>
ST_19 : Operation 113 [1/1] (0.00ns)   --->   "%zext_ln15 = zext i32 %add_ln15_2 to i64" [fwprop.cpp:15]   --->   Operation 113 'zext' 'zext_ln15' <Predicate = true> <Delay = 0.00>
ST_19 : Operation 114 [1/1] (0.00ns)   --->   "%gmem_addr_3 = getelementptr inbounds float* %gmem, i64 %zext_ln15" [fwprop.cpp:15]   --->   Operation 114 'getelementptr' 'gmem_addr_3' <Predicate = true> <Delay = 0.00>
ST_19 : Operation 115 [7/7] (8.75ns)   --->   "%gmem_load_2_req = call i1 @_ssdm_op_ReadReq.m_axi.floatP(float* %gmem_addr_3, i32 1)" [fwprop.cpp:15]   --->   Operation 115 'readreq' 'gmem_load_2_req' <Predicate = true> <Delay = 8.75> <Core = "m_axi">   --->   Core 9 'm_axi' <Latency = 6> <II = 1> <Delay = 1.00> <Adapter> <Opcode : 'read' 'write' 'readreq' 'writereq' 'writeresp'>

State 20 <SV = 19> <Delay = 8.75>
ST_20 : Operation 116 [5/7] (8.75ns)   --->   "%gmem_load_1_req = call i1 @_ssdm_op_ReadReq.m_axi.floatP(float* %gmem_addr_2, i32 1)" [fwprop.cpp:15]   --->   Operation 116 'readreq' 'gmem_load_1_req' <Predicate = true> <Delay = 8.75> <Core = "m_axi">   --->   Core 9 'm_axi' <Latency = 6> <II = 1> <Delay = 1.00> <Adapter> <Opcode : 'read' 'write' 'readreq' 'writereq' 'writeresp'>
ST_20 : Operation 117 [6/7] (8.75ns)   --->   "%gmem_load_2_req = call i1 @_ssdm_op_ReadReq.m_axi.floatP(float* %gmem_addr_3, i32 1)" [fwprop.cpp:15]   --->   Operation 117 'readreq' 'gmem_load_2_req' <Predicate = true> <Delay = 8.75> <Core = "m_axi">   --->   Core 9 'm_axi' <Latency = 6> <II = 1> <Delay = 1.00> <Adapter> <Opcode : 'read' 'write' 'readreq' 'writereq' 'writeresp'>

State 21 <SV = 20> <Delay = 8.75>
ST_21 : Operation 118 [4/7] (8.75ns)   --->   "%gmem_load_1_req = call i1 @_ssdm_op_ReadReq.m_axi.floatP(float* %gmem_addr_2, i32 1)" [fwprop.cpp:15]   --->   Operation 118 'readreq' 'gmem_load_1_req' <Predicate = true> <Delay = 8.75> <Core = "m_axi">   --->   Core 9 'm_axi' <Latency = 6> <II = 1> <Delay = 1.00> <Adapter> <Opcode : 'read' 'write' 'readreq' 'writereq' 'writeresp'>
ST_21 : Operation 119 [5/7] (8.75ns)   --->   "%gmem_load_2_req = call i1 @_ssdm_op_ReadReq.m_axi.floatP(float* %gmem_addr_3, i32 1)" [fwprop.cpp:15]   --->   Operation 119 'readreq' 'gmem_load_2_req' <Predicate = true> <Delay = 8.75> <Core = "m_axi">   --->   Core 9 'm_axi' <Latency = 6> <II = 1> <Delay = 1.00> <Adapter> <Opcode : 'read' 'write' 'readreq' 'writereq' 'writeresp'>

State 22 <SV = 21> <Delay = 8.75>
ST_22 : Operation 120 [3/7] (8.75ns)   --->   "%gmem_load_1_req = call i1 @_ssdm_op_ReadReq.m_axi.floatP(float* %gmem_addr_2, i32 1)" [fwprop.cpp:15]   --->   Operation 120 'readreq' 'gmem_load_1_req' <Predicate = true> <Delay = 8.75> <Core = "m_axi">   --->   Core 9 'm_axi' <Latency = 6> <II = 1> <Delay = 1.00> <Adapter> <Opcode : 'read' 'write' 'readreq' 'writereq' 'writeresp'>
ST_22 : Operation 121 [4/7] (8.75ns)   --->   "%gmem_load_2_req = call i1 @_ssdm_op_ReadReq.m_axi.floatP(float* %gmem_addr_3, i32 1)" [fwprop.cpp:15]   --->   Operation 121 'readreq' 'gmem_load_2_req' <Predicate = true> <Delay = 8.75> <Core = "m_axi">   --->   Core 9 'm_axi' <Latency = 6> <II = 1> <Delay = 1.00> <Adapter> <Opcode : 'read' 'write' 'readreq' 'writereq' 'writeresp'>

State 23 <SV = 22> <Delay = 8.75>
ST_23 : Operation 122 [2/7] (8.75ns)   --->   "%gmem_load_1_req = call i1 @_ssdm_op_ReadReq.m_axi.floatP(float* %gmem_addr_2, i32 1)" [fwprop.cpp:15]   --->   Operation 122 'readreq' 'gmem_load_1_req' <Predicate = true> <Delay = 8.75> <Core = "m_axi">   --->   Core 9 'm_axi' <Latency = 6> <II = 1> <Delay = 1.00> <Adapter> <Opcode : 'read' 'write' 'readreq' 'writereq' 'writeresp'>
ST_23 : Operation 123 [3/7] (8.75ns)   --->   "%gmem_load_2_req = call i1 @_ssdm_op_ReadReq.m_axi.floatP(float* %gmem_addr_3, i32 1)" [fwprop.cpp:15]   --->   Operation 123 'readreq' 'gmem_load_2_req' <Predicate = true> <Delay = 8.75> <Core = "m_axi">   --->   Core 9 'm_axi' <Latency = 6> <II = 1> <Delay = 1.00> <Adapter> <Opcode : 'read' 'write' 'readreq' 'writereq' 'writeresp'>

State 24 <SV = 23> <Delay = 8.75>
ST_24 : Operation 124 [1/7] (8.75ns)   --->   "%gmem_load_1_req = call i1 @_ssdm_op_ReadReq.m_axi.floatP(float* %gmem_addr_2, i32 1)" [fwprop.cpp:15]   --->   Operation 124 'readreq' 'gmem_load_1_req' <Predicate = true> <Delay = 8.75> <Core = "m_axi">   --->   Core 9 'm_axi' <Latency = 6> <II = 1> <Delay = 1.00> <Adapter> <Opcode : 'read' 'write' 'readreq' 'writereq' 'writeresp'>
ST_24 : Operation 125 [2/7] (8.75ns)   --->   "%gmem_load_2_req = call i1 @_ssdm_op_ReadReq.m_axi.floatP(float* %gmem_addr_3, i32 1)" [fwprop.cpp:15]   --->   Operation 125 'readreq' 'gmem_load_2_req' <Predicate = true> <Delay = 8.75> <Core = "m_axi">   --->   Core 9 'm_axi' <Latency = 6> <II = 1> <Delay = 1.00> <Adapter> <Opcode : 'read' 'write' 'readreq' 'writereq' 'writeresp'>

State 25 <SV = 24> <Delay = 8.75>
ST_25 : Operation 126 [1/1] (8.75ns)   --->   "%gmem_addr_2_read = call float @_ssdm_op_Read.m_axi.floatP(float* %gmem_addr_2)" [fwprop.cpp:15]   --->   Operation 126 'read' 'gmem_addr_2_read' <Predicate = true> <Delay = 8.75> <Core = "m_axi">   --->   Core 9 'm_axi' <Latency = 6> <II = 1> <Delay = 1.00> <Adapter> <Opcode : 'read' 'write' 'readreq' 'writereq' 'writeresp'>
ST_25 : Operation 127 [1/7] (8.75ns)   --->   "%gmem_load_2_req = call i1 @_ssdm_op_ReadReq.m_axi.floatP(float* %gmem_addr_3, i32 1)" [fwprop.cpp:15]   --->   Operation 127 'readreq' 'gmem_load_2_req' <Predicate = true> <Delay = 8.75> <Core = "m_axi">   --->   Core 9 'm_axi' <Latency = 6> <II = 1> <Delay = 1.00> <Adapter> <Opcode : 'read' 'write' 'readreq' 'writereq' 'writeresp'>
ST_25 : Operation 128 [1/1] (8.75ns)   --->   "%gmem_addr_3_req = call i1 @_ssdm_op_WriteReq.m_axi.floatP(float* %gmem_addr_1, i32 1)" [fwprop.cpp:15]   --->   Operation 128 'writereq' 'gmem_addr_3_req' <Predicate = true> <Delay = 8.75> <Core = "m_axi">   --->   Core 9 'm_axi' <Latency = 6> <II = 1> <Delay = 1.00> <Adapter> <Opcode : 'read' 'write' 'readreq' 'writereq' 'writeresp'>

State 26 <SV = 25> <Delay = 8.75>
ST_26 : Operation 129 [1/1] (8.75ns)   --->   "%gmem_addr_3_read = call float @_ssdm_op_Read.m_axi.floatP(float* %gmem_addr_3)" [fwprop.cpp:15]   --->   Operation 129 'read' 'gmem_addr_3_read' <Predicate = true> <Delay = 8.75> <Core = "m_axi">   --->   Core 9 'm_axi' <Latency = 6> <II = 1> <Delay = 1.00> <Adapter> <Opcode : 'read' 'write' 'readreq' 'writereq' 'writeresp'>

State 27 <SV = 26> <Delay = 5.70>
ST_27 : Operation 130 [4/4] (5.70ns)   --->   "%tmp = fmul float %gmem_addr_2_read, %gmem_addr_3_read" [fwprop.cpp:15]   --->   Operation 130 'fmul' 'tmp' <Predicate = true> <Delay = 5.70> <Core = "FMul">   --->   Core 106 'FMul' <Latency = 3> <II = 1> <Delay = 5.70> <FuncUnit> <Opcode : 'fmul'> <InPorts = 2> <OutPorts = 1>

State 28 <SV = 27> <Delay = 5.70>
ST_28 : Operation 131 [3/4] (5.70ns)   --->   "%tmp = fmul float %gmem_addr_2_read, %gmem_addr_3_read" [fwprop.cpp:15]   --->   Operation 131 'fmul' 'tmp' <Predicate = true> <Delay = 5.70> <Core = "FMul">   --->   Core 106 'FMul' <Latency = 3> <II = 1> <Delay = 5.70> <FuncUnit> <Opcode : 'fmul'> <InPorts = 2> <OutPorts = 1>

State 29 <SV = 28> <Delay = 5.70>
ST_29 : Operation 132 [2/4] (5.70ns)   --->   "%tmp = fmul float %gmem_addr_2_read, %gmem_addr_3_read" [fwprop.cpp:15]   --->   Operation 132 'fmul' 'tmp' <Predicate = true> <Delay = 5.70> <Core = "FMul">   --->   Core 106 'FMul' <Latency = 3> <II = 1> <Delay = 5.70> <FuncUnit> <Opcode : 'fmul'> <InPorts = 2> <OutPorts = 1>

State 30 <SV = 29> <Delay = 5.70>
ST_30 : Operation 133 [1/4] (5.70ns)   --->   "%tmp = fmul float %gmem_addr_2_read, %gmem_addr_3_read" [fwprop.cpp:15]   --->   Operation 133 'fmul' 'tmp' <Predicate = true> <Delay = 5.70> <Core = "FMul">   --->   Core 106 'FMul' <Latency = 3> <II = 1> <Delay = 5.70> <FuncUnit> <Opcode : 'fmul'> <InPorts = 2> <OutPorts = 1>

State 31 <SV = 30> <Delay = 7.25>
ST_31 : Operation 134 [5/5] (7.25ns)   --->   "%tmp_1 = fadd float %empty, %tmp" [fwprop.cpp:15]   --->   Operation 134 'fadd' 'tmp_1' <Predicate = true> <Delay = 7.25> <Core = "FAddSub">   --->   Core 105 'FAddSub' <Latency = 4> <II = 1> <Delay = 7.25> <FuncUnit> <Opcode : 'fadd' 'fsub'> <InPorts = 2> <OutPorts = 1>

State 32 <SV = 31> <Delay = 7.25>
ST_32 : Operation 135 [4/5] (7.25ns)   --->   "%tmp_1 = fadd float %empty, %tmp" [fwprop.cpp:15]   --->   Operation 135 'fadd' 'tmp_1' <Predicate = true> <Delay = 7.25> <Core = "FAddSub">   --->   Core 105 'FAddSub' <Latency = 4> <II = 1> <Delay = 7.25> <FuncUnit> <Opcode : 'fadd' 'fsub'> <InPorts = 2> <OutPorts = 1>

State 33 <SV = 32> <Delay = 7.25>
ST_33 : Operation 136 [3/5] (7.25ns)   --->   "%tmp_1 = fadd float %empty, %tmp" [fwprop.cpp:15]   --->   Operation 136 'fadd' 'tmp_1' <Predicate = true> <Delay = 7.25> <Core = "FAddSub">   --->   Core 105 'FAddSub' <Latency = 4> <II = 1> <Delay = 7.25> <FuncUnit> <Opcode : 'fadd' 'fsub'> <InPorts = 2> <OutPorts = 1>

State 34 <SV = 33> <Delay = 7.25>
ST_34 : Operation 137 [2/5] (7.25ns)   --->   "%tmp_1 = fadd float %empty, %tmp" [fwprop.cpp:15]   --->   Operation 137 'fadd' 'tmp_1' <Predicate = true> <Delay = 7.25> <Core = "FAddSub">   --->   Core 105 'FAddSub' <Latency = 4> <II = 1> <Delay = 7.25> <FuncUnit> <Opcode : 'fadd' 'fsub'> <InPorts = 2> <OutPorts = 1>

State 35 <SV = 34> <Delay = 7.25>
ST_35 : Operation 138 [1/5] (7.25ns)   --->   "%tmp_1 = fadd float %empty, %tmp" [fwprop.cpp:15]   --->   Operation 138 'fadd' 'tmp_1' <Predicate = true> <Delay = 7.25> <Core = "FAddSub">   --->   Core 105 'FAddSub' <Latency = 4> <II = 1> <Delay = 7.25> <FuncUnit> <Opcode : 'fadd' 'fsub'> <InPorts = 2> <OutPorts = 1>

State 36 <SV = 35> <Delay = 8.75>
ST_36 : Operation 139 [1/1] (8.75ns)   --->   "call void @_ssdm_op_Write.m_axi.floatP(float* %gmem_addr_1, float %tmp_1, i4 -1)" [fwprop.cpp:15]   --->   Operation 139 'write' <Predicate = true> <Delay = 8.75> <Core = "m_axi">   --->   Core 9 'm_axi' <Latency = 6> <II = 1> <Delay = 1.00> <Adapter> <Opcode : 'read' 'write' 'readreq' 'writereq' 'writeresp'>

State 37 <SV = 36> <Delay = 8.75>
ST_37 : Operation 140 [5/5] (8.75ns)   --->   "%gmem_addr_3_resp = call i1 @_ssdm_op_WriteResp.m_axi.floatP(float* %gmem_addr_1)" [fwprop.cpp:15]   --->   Operation 140 'writeresp' 'gmem_addr_3_resp' <Predicate = true> <Delay = 8.75> <Core = "m_axi">   --->   Core 9 'm_axi' <Latency = 6> <II = 1> <Delay = 1.00> <Adapter> <Opcode : 'read' 'write' 'readreq' 'writereq' 'writeresp'>

State 38 <SV = 37> <Delay = 8.75>
ST_38 : Operation 141 [4/5] (8.75ns)   --->   "%gmem_addr_3_resp = call i1 @_ssdm_op_WriteResp.m_axi.floatP(float* %gmem_addr_1)" [fwprop.cpp:15]   --->   Operation 141 'writeresp' 'gmem_addr_3_resp' <Predicate = true> <Delay = 8.75> <Core = "m_axi">   --->   Core 9 'm_axi' <Latency = 6> <II = 1> <Delay = 1.00> <Adapter> <Opcode : 'read' 'write' 'readreq' 'writereq' 'writeresp'>

State 39 <SV = 38> <Delay = 8.75>
ST_39 : Operation 142 [3/5] (8.75ns)   --->   "%gmem_addr_3_resp = call i1 @_ssdm_op_WriteResp.m_axi.floatP(float* %gmem_addr_1)" [fwprop.cpp:15]   --->   Operation 142 'writeresp' 'gmem_addr_3_resp' <Predicate = true> <Delay = 8.75> <Core = "m_axi">   --->   Core 9 'm_axi' <Latency = 6> <II = 1> <Delay = 1.00> <Adapter> <Opcode : 'read' 'write' 'readreq' 'writereq' 'writeresp'>

State 40 <SV = 39> <Delay = 8.75>
ST_40 : Operation 143 [2/5] (8.75ns)   --->   "%gmem_addr_3_resp = call i1 @_ssdm_op_WriteResp.m_axi.floatP(float* %gmem_addr_1)" [fwprop.cpp:15]   --->   Operation 143 'writeresp' 'gmem_addr_3_resp' <Predicate = true> <Delay = 8.75> <Core = "m_axi">   --->   Core 9 'm_axi' <Latency = 6> <II = 1> <Delay = 1.00> <Adapter> <Opcode : 'read' 'write' 'readreq' 'writereq' 'writeresp'>

State 41 <SV = 40> <Delay = 8.75>
ST_41 : Operation 144 [1/5] (8.75ns)   --->   "%gmem_addr_3_resp = call i1 @_ssdm_op_WriteResp.m_axi.floatP(float* %gmem_addr_1)" [fwprop.cpp:15]   --->   Operation 144 'writeresp' 'gmem_addr_3_resp' <Predicate = true> <Delay = 8.75> <Core = "m_axi">   --->   Core 9 'm_axi' <Latency = 6> <II = 1> <Delay = 1.00> <Adapter> <Opcode : 'read' 'write' 'readreq' 'writereq' 'writeresp'>
ST_41 : Operation 145 [1/1] (0.00ns)   --->   "br label %2" [fwprop.cpp:14]   --->   Operation 145 'br' <Predicate = true> <Delay = 0.00>


============================================================
+ Verbose Summary: Binding
============================================================
STG Binding: 
---------------- STG Properties BEGIN ----------------
- Is combinational: 0
- Is one-state seq: 0
- Is datapath-only: 0
- Is pipelined: 0
- Is top level: 1
Port [ Return ] is wired: 1; IO mode=ap_ctrl_hs:ce=0
Port [ gmem]:  wired=1; compound=1; hidden=0; nouse=0; global=0; static=0; extern=0; dir=2; type=4; pingpong=0; private_global=0; IO mode=m_axi:ce=0
Port [ x]:  wired=1; compound=0; hidden=0; nouse=0; global=0; static=0; extern=0; dir=0; type=0; pingpong=0; private_global=0; IO mode=ap_none:ce=0
Port [ w]:  wired=1; compound=0; hidden=0; nouse=0; global=0; static=0; extern=0; dir=0; type=0; pingpong=0; private_global=0; IO mode=ap_none:ce=0
Port [ y]:  wired=1; compound=0; hidden=0; nouse=0; global=0; static=0; extern=0; dir=0; type=0; pingpong=0; private_global=0; IO mode=ap_none:ce=0
Port [ b]:  wired=1; compound=0; hidden=0; nouse=0; global=0; static=0; extern=0; dir=0; type=0; pingpong=0; private_global=0; IO mode=ap_none:ce=0
Port [ xdim]:  wired=1; compound=0; hidden=0; nouse=0; global=0; static=0; extern=0; dir=0; type=0; pingpong=0; private_global=0; IO mode=ap_none:ce=0
Port [ ydim]:  wired=1; compound=0; hidden=0; nouse=0; global=0; static=0; extern=0; dir=0; type=0; pingpong=0; private_global=0; IO mode=ap_none:ce=0
---------------- STG Properties END ------------------

---------------- Datapath Model BEGIN ----------------

<LifeTime>
<method=bitvector/>
ydim_read          (read         ) [ 001111111111111111111111111111111111111111]
xdim_read          (read         ) [ 001111111111111111111111111111111111111111]
b_read             (read         ) [ 000000000000000000000000000000000000000000]
y_read             (read         ) [ 000000000000000000000000000000000000000000]
w_read             (read         ) [ 000000000000000000000000000000000000000000]
x_read             (read         ) [ 000000000000000000000000000000000000000000]
tmp_2              (partselect   ) [ 000000000000000000000000000000000000000000]
p_cast12           (zext         ) [ 001111111111111111111111111111111111111111]
tmp_3              (partselect   ) [ 000000000000000000000000000000000000000000]
p_cast11           (zext         ) [ 001111111111111111111111111111111111111111]
tmp_4              (partselect   ) [ 000000000000000000000000000000000000000000]
p_cast10           (zext         ) [ 001111111111111111111111111111111111111111]
tmp_5              (partselect   ) [ 000000000000000000000000000000000000000000]
p_cast             (zext         ) [ 001111111111111111111111111111111111111111]
specbitsmap_ln0    (specbitsmap  ) [ 000000000000000000000000000000000000000000]
specbitsmap_ln0    (specbitsmap  ) [ 000000000000000000000000000000000000000000]
specbitsmap_ln0    (specbitsmap  ) [ 000000000000000000000000000000000000000000]
spectopmodule_ln0  (spectopmodule) [ 000000000000000000000000000000000000000000]
specinterface_ln4  (specinterface) [ 000000000000000000000000000000000000000000]
specinterface_ln4  (specinterface) [ 000000000000000000000000000000000000000000]
specinterface_ln5  (specinterface) [ 000000000000000000000000000000000000000000]
specinterface_ln6  (specinterface) [ 000000000000000000000000000000000000000000]
specinterface_ln7  (specinterface) [ 000000000000000000000000000000000000000000]
specinterface_ln8  (specinterface) [ 000000000000000000000000000000000000000000]
specinterface_ln9  (specinterface) [ 000000000000000000000000000000000000000000]
br_ln11            (br           ) [ 011111111111111111111111111111111111111111]
i_0                (phi          ) [ 001000000000000000000000000000000000000000]
phi_mul            (phi          ) [ 001111111111111111111111111111111111111111]
add_ln11           (add          ) [ 011111111111111111111111111111111111111111]
zext_ln11          (zext         ) [ 000000000000000000000000000000000000000000]
icmp_ln11          (icmp         ) [ 001111111111111111111111111111111111111111]
i                  (add          ) [ 011111111111111111111111111111111111111111]
br_ln11            (br           ) [ 000000000000000000000000000000000000000000]
add_ln12           (add          ) [ 000100000000000000000000000000000000000000]
add_ln12_1         (add          ) [ 000111111110000000000000000000000000000000]
ret_ln19           (ret          ) [ 000000000000000000000000000000000000000000]
zext_ln12          (zext         ) [ 000000000000000000000000000000000000000000]
gmem_addr          (getelementptr) [ 000011111110000000000000000000000000000000]
gmem_load_req      (readreq      ) [ 000000000000000000000000000000000000000000]
gmem_addr_read     (read         ) [ 000000000001111111111111111111111111111111]
zext_ln12_1        (zext         ) [ 000000000000000000000000000000000000000000]
gmem_addr_1        (getelementptr) [ 000000000001111111111111111111111111111111]
gmem_addr_3_req19  (writereq     ) [ 000000000000000000000000000000000000000000]
write_ln12         (write        ) [ 000000000000000000000000000000000000000000]
gmem_addr_3_resp20 (writeresp    ) [ 000000000000000000000000000000000000000000]
br_ln14            (br           ) [ 001111111111111111111111111111111111111111]
empty              (phi          ) [ 000000000000000001111111111111111111000000]
j_0                (phi          ) [ 000000000000000001000000000000000000000000]
zext_ln14          (zext         ) [ 000000000000000000000000000000000000000000]
icmp_ln14          (icmp         ) [ 001111111111111111111111111111111111111111]
j                  (add          ) [ 001111111111111111111111111111111111111111]
br_ln14            (br           ) [ 000000000000000000000000000000000000000000]
add_ln15           (add          ) [ 000000000000000000000000000000000000000000]
sext_ln15          (sext         ) [ 000000000000000000000000000000000000000000]
add_ln15_1         (add          ) [ 000000000000000000000000000000000000000000]
sext_ln15_1        (sext         ) [ 000000000000000000000000000000000000000000]
gmem_addr_2        (getelementptr) [ 000000000000000000111111110000000000000000]
add_ln15_2         (add          ) [ 000000000000000000110000000000000000000000]
br_ln0             (br           ) [ 011111111111111111111111111111111111111111]
zext_ln15          (zext         ) [ 000000000000000000000000000000000000000000]
gmem_addr_3        (getelementptr) [ 000000000000000000001111111000000000000000]
gmem_load_1_req    (readreq      ) [ 000000000000000000000000000000000000000000]
gmem_addr_2_read   (read         ) [ 000000000000000000000000001111100000000000]
gmem_load_2_req    (readreq      ) [ 000000000000000000000000000000000000000000]
gmem_addr_3_req    (writereq     ) [ 000000000000000000000000000000000000000000]
gmem_addr_3_read   (read         ) [ 000000000000000000000000000111100000000000]
tmp                (fmul         ) [ 000000000000000000000000000000011111000000]
tmp_1              (fadd         ) [ 001111111111111111000000000000000000111111]
write_ln15         (write        ) [ 000000000000000000000000000000000000000000]
gmem_addr_3_resp   (writeresp    ) [ 000000000000000000000000000000000000000000]
br_ln14            (br           ) [ 001111111111111111111111111111111111111111]
</LifeTime>

<model>

<comp_list>
<comp id="0" class="1000" name="gmem">
<pin_list>
<pin id="1" dir="1" index="0" bw="1" slack="0"/>
</pin_list>
<bind>
<StgValue><ssdm name="gmem"/></StgValue>
</bind>
</comp>

<comp id="2" class="1000" name="x">
<pin_list>
<pin id="3" dir="1" index="0" bw="1" slack="0"/>
</pin_list>
<bind>
<StgValue><ssdm name="x"/></StgValue>
</bind>
</comp>

<comp id="4" class="1000" name="w">
<pin_list>
<pin id="5" dir="1" index="0" bw="1" slack="0"/>
</pin_list>
<bind>
<StgValue><ssdm name="w"/></StgValue>
</bind>
</comp>

<comp id="6" class="1000" name="y">
<pin_list>
<pin id="7" dir="1" index="0" bw="1" slack="0"/>
</pin_list>
<bind>
<StgValue><ssdm name="y"/></StgValue>
</bind>
</comp>

<comp id="8" class="1000" name="b">
<pin_list>
<pin id="9" dir="1" index="0" bw="1" slack="0"/>
</pin_list>
<bind>
<StgValue><ssdm name="b"/></StgValue>
</bind>
</comp>

<comp id="10" class="1000" name="xdim">
<pin_list>
<pin id="11" dir="1" index="0" bw="1" slack="0"/>
</pin_list>
<bind>
<StgValue><ssdm name="xdim"/></StgValue>
</bind>
</comp>

<comp id="12" class="1000" name="ydim">
<pin_list>
<pin id="13" dir="1" index="0" bw="1" slack="0"/>
</pin_list>
<bind>
<StgValue><ssdm name="ydim"/></StgValue>
</bind>
</comp>

<comp id="14" class="1001" name="const_14">
<pin_list>
<pin id="15" dir="1" index="0" bw="1" slack="0"/>
</pin_list>
<bind>
<StgValue><ssdm name="_ssdm_op_Read.s_axilite.i32"/></StgValue>
</bind>
</comp>

<comp id="16" class="1001" name="const_16">
<pin_list>
<pin id="17" dir="1" index="0" bw="1" slack="0"/>
</pin_list>
<bind>
<StgValue><ssdm name="_ssdm_op_PartSelect.i30.i32.i32.i32"/></StgValue>
</bind>
</comp>

<comp id="18" class="1001" name="const_18">
<pin_list>
<pin id="19" dir="1" index="0" bw="1" slack="0"/>
</pin_list>
<bind>
<StgValue><ssdm name=""/></StgValue>
</bind>
</comp>

<comp id="20" class="1001" name="const_20">
<pin_list>
<pin id="21" dir="1" index="0" bw="1" slack="0"/>
</pin_list>
<bind>
<StgValue><ssdm name=""/></StgValue>
</bind>
</comp>

<comp id="22" class="1001" name="const_22">
<pin_list>
<pin id="23" dir="1" index="0" bw="1" slack="2147483647"/>
</pin_list>
<bind>
<StgValue><ssdm name="_ssdm_op_SpecBitsMap"/></StgValue>
</bind>
</comp>

<comp id="24" class="1001" name="const_24">
<pin_list>
<pin id="25" dir="1" index="0" bw="1" slack="2147483647"/>
</pin_list>
<bind>
<StgValue><ssdm name="_ssdm_op_SpecTopModule"/></StgValue>
</bind>
</comp>

<comp id="26" class="1001" name="const_26">
<pin_list>
<pin id="27" dir="1" index="0" bw="1" slack="2147483647"/>
</pin_list>
<bind>
<StgValue><ssdm name="forward_fcc_str"/></StgValue>
</bind>
</comp>

<comp id="28" class="1001" name="const_28">
<pin_list>
<pin id="29" dir="1" index="0" bw="1" slack="2147483647"/>
</pin_list>
<bind>
<StgValue><ssdm name="_ssdm_op_SpecInterface"/></StgValue>
</bind>
</comp>

<comp id="30" class="1001" name="const_30">
<pin_list>
<pin id="31" dir="1" index="0" bw="1" slack="2147483647"/>
</pin_list>
<bind>
<StgValue><ssdm name="p_str"/></StgValue>
</bind>
</comp>

<comp id="32" class="1001" name="const_32">
<pin_list>
<pin id="33" dir="1" index="0" bw="1" slack="1"/>
</pin_list>
<bind>
<StgValue><ssdm name=""/></StgValue>
</bind>
</comp>

<comp id="34" class="1001" name="const_34">
<pin_list>
<pin id="35" dir="1" index="0" bw="1" slack="2147483647"/>
</pin_list>
<bind>
<StgValue><ssdm name="p_str1"/></StgValue>
</bind>
</comp>

<comp id="36" class="1001" name="const_36">
<pin_list>
<pin id="37" dir="1" index="0" bw="1" slack="2147483647"/>
</pin_list>
<bind>
<StgValue><ssdm name="p_str2"/></StgValue>
</bind>
</comp>

<comp id="38" class="1001" name="const_38">
<pin_list>
<pin id="39" dir="1" index="0" bw="1" slack="2147483647"/>
</pin_list>
<bind>
<StgValue><ssdm name="p_str3"/></StgValue>
</bind>
</comp>

<comp id="40" class="1001" name="const_40">
<pin_list>
<pin id="41" dir="1" index="0" bw="1" slack="2147483647"/>
</pin_list>
<bind>
<StgValue><ssdm name=""/></StgValue>
</bind>
</comp>

<comp id="42" class="1001" name="const_42">
<pin_list>
<pin id="43" dir="1" index="0" bw="1" slack="2147483647"/>
</pin_list>
<bind>
<StgValue><ssdm name="mode"/></StgValue>
</bind>
</comp>

<comp id="44" class="1001" name="const_44">
<pin_list>
<pin id="45" dir="1" index="0" bw="1" slack="2147483647"/>
</pin_list>
<bind>
<StgValue><ssdm name="bundle"/></StgValue>
</bind>
</comp>

<comp id="46" class="1001" name="const_46">
<pin_list>
<pin id="47" dir="1" index="0" bw="1" slack="2147483647"/>
</pin_list>
<bind>
<StgValue><ssdm name="mode1"/></StgValue>
</bind>
</comp>

<comp id="48" class="1001" name="const_48">
<pin_list>
<pin id="49" dir="1" index="0" bw="1" slack="2147483647"/>
</pin_list>
<bind>
<StgValue><ssdm name="bundle2"/></StgValue>
</bind>
</comp>

<comp id="50" class="1001" name="const_50">
<pin_list>
<pin id="51" dir="1" index="0" bw="1" slack="2147483647"/>
</pin_list>
<bind>
<StgValue><ssdm name="mode3"/></StgValue>
</bind>
</comp>

<comp id="52" class="1001" name="const_52">
<pin_list>
<pin id="53" dir="1" index="0" bw="1" slack="2147483647"/>
</pin_list>
<bind>
<StgValue><ssdm name="bundle4"/></StgValue>
</bind>
</comp>

<comp id="54" class="1001" name="const_54">
<pin_list>
<pin id="55" dir="1" index="0" bw="1" slack="2147483647"/>
</pin_list>
<bind>
<StgValue><ssdm name="mode5"/></StgValue>
</bind>
</comp>

<comp id="56" class="1001" name="const_56">
<pin_list>
<pin id="57" dir="1" index="0" bw="1" slack="2147483647"/>
</pin_list>
<bind>
<StgValue><ssdm name="bundle6"/></StgValue>
</bind>
</comp>

<comp id="58" class="1001" name="const_58">
<pin_list>
<pin id="59" dir="1" index="0" bw="1" slack="2147483647"/>
</pin_list>
<bind>
<StgValue><ssdm name="p_str4"/></StgValue>
</bind>
</comp>

<comp id="60" class="1001" name="const_60">
<pin_list>
<pin id="61" dir="1" index="0" bw="1" slack="1"/>
</pin_list>
<bind>
<StgValue><ssdm name=""/></StgValue>
</bind>
</comp>

<comp id="62" class="1001" name="const_62">
<pin_list>
<pin id="63" dir="1" index="0" bw="1" slack="0"/>
</pin_list>
<bind>
<StgValue><ssdm name=""/></StgValue>
</bind>
</comp>

<comp id="64" class="1001" name="const_64">
<pin_list>
<pin id="65" dir="1" index="0" bw="1" slack="0"/>
</pin_list>
<bind>
<StgValue><ssdm name="_ssdm_op_ReadReq.m_axi.floatP"/></StgValue>
</bind>
</comp>

<comp id="66" class="1001" name="const_66">
<pin_list>
<pin id="67" dir="1" index="0" bw="1" slack="0"/>
</pin_list>
<bind>
<StgValue><ssdm name=""/></StgValue>
</bind>
</comp>

<comp id="68" class="1001" name="const_68">
<pin_list>
<pin id="69" dir="1" index="0" bw="1" slack="0"/>
</pin_list>
<bind>
<StgValue><ssdm name="_ssdm_op_Read.m_axi.floatP"/></StgValue>
</bind>
</comp>

<comp id="70" class="1001" name="const_70">
<pin_list>
<pin id="71" dir="1" index="0" bw="1" slack="0"/>
</pin_list>
<bind>
<StgValue><ssdm name="_ssdm_op_WriteReq.m_axi.floatP"/></StgValue>
</bind>
</comp>

<comp id="72" class="1001" name="const_72">
<pin_list>
<pin id="73" dir="1" index="0" bw="1" slack="0"/>
</pin_list>
<bind>
<StgValue><ssdm name="_ssdm_op_Write.m_axi.floatP"/></StgValue>
</bind>
</comp>

<comp id="74" class="1001" name="const_74">
<pin_list>
<pin id="75" dir="1" index="0" bw="1" slack="0"/>
</pin_list>
<bind>
<StgValue><ssdm name=""/></StgValue>
</bind>
</comp>

<comp id="76" class="1001" name="const_76">
<pin_list>
<pin id="77" dir="1" index="0" bw="1" slack="0"/>
</pin_list>
<bind>
<StgValue><ssdm name="_ssdm_op_WriteResp.m_axi.floatP"/></StgValue>
</bind>
</comp>

<comp id="78" class="1004" name="ydim_read_read_fu_78">
<pin_list>
<pin id="79" dir="0" index="0" bw="32" slack="0"/>
<pin id="80" dir="0" index="1" bw="32" slack="0"/>
<pin id="81" dir="1" index="2" bw="32" slack="1"/>
</pin_list>
<bind>
<opcode="read(1150) " fcode="read"/>
<opset="ydim_read/1 "/>
</bind>
</comp>

<comp id="84" class="1004" name="xdim_read_read_fu_84">
<pin_list>
<pin id="85" dir="0" index="0" bw="32" slack="0"/>
<pin id="86" dir="0" index="1" bw="32" slack="0"/>
<pin id="87" dir="1" index="2" bw="32" slack="1"/>
</pin_list>
<bind>
<opcode="read(1150) " fcode="read"/>
<opset="xdim_read/1 "/>
</bind>
</comp>

<comp id="90" class="1004" name="b_read_read_fu_90">
<pin_list>
<pin id="91" dir="0" index="0" bw="32" slack="0"/>
<pin id="92" dir="0" index="1" bw="32" slack="0"/>
<pin id="93" dir="1" index="2" bw="32" slack="0"/>
</pin_list>
<bind>
<opcode="read(1150) " fcode="read"/>
<opset="b_read/1 "/>
</bind>
</comp>

<comp id="96" class="1004" name="y_read_read_fu_96">
<pin_list>
<pin id="97" dir="0" index="0" bw="32" slack="0"/>
<pin id="98" dir="0" index="1" bw="32" slack="0"/>
<pin id="99" dir="1" index="2" bw="32" slack="0"/>
</pin_list>
<bind>
<opcode="read(1150) " fcode="read"/>
<opset="y_read/1 "/>
</bind>
</comp>

<comp id="102" class="1004" name="w_read_read_fu_102">
<pin_list>
<pin id="103" dir="0" index="0" bw="32" slack="0"/>
<pin id="104" dir="0" index="1" bw="32" slack="0"/>
<pin id="105" dir="1" index="2" bw="32" slack="0"/>
</pin_list>
<bind>
<opcode="read(1150) " fcode="read"/>
<opset="w_read/1 "/>
</bind>
</comp>

<comp id="108" class="1004" name="x_read_read_fu_108">
<pin_list>
<pin id="109" dir="0" index="0" bw="32" slack="0"/>
<pin id="110" dir="0" index="1" bw="32" slack="0"/>
<pin id="111" dir="1" index="2" bw="32" slack="0"/>
</pin_list>
<bind>
<opcode="read(1150) " fcode="read"/>
<opset="x_read/1 "/>
</bind>
</comp>

<comp id="114" class="1004" name="grp_readreq_fu_114">
<pin_list>
<pin id="115" dir="0" index="0" bw="1" slack="0"/>
<pin id="116" dir="0" index="1" bw="32" slack="0"/>
<pin id="117" dir="0" index="2" bw="1" slack="0"/>
<pin id="118" dir="1" index="3" bw="1" slack="2147483647"/>
</pin_list>
<bind>
<opcode="readreq(1154) " fcode="readreq"/>
<opset="gmem_load_req/3 "/>
</bind>
</comp>

<comp id="121" class="1004" name="gmem_addr_read_read_fu_121">
<pin_list>
<pin id="122" dir="0" index="0" bw="32" slack="0"/>
<pin id="123" dir="0" index="1" bw="32" slack="7"/>
<pin id="124" dir="1" index="2" bw="32" slack="1"/>
</pin_list>
<bind>
<opcode="read(1150) " fcode="read"/>
<opset="gmem_addr_read/10 "/>
</bind>
</comp>

<comp id="126" class="1004" name="grp_writeresp_fu_126">
<pin_list>
<pin id="127" dir="0" index="0" bw="1" slack="0"/>
<pin id="128" dir="0" index="1" bw="32" slack="0"/>
<pin id="129" dir="0" index="2" bw="1" slack="0"/>
<pin id="130" dir="1" index="3" bw="1" slack="2147483647"/>
</pin_list>
<bind>
<opcode="writereq(1155) writeresp(1158) " fcode="writeresp"/>
<opset="gmem_addr_3_req19/10 gmem_addr_3_resp20/12 gmem_addr_3_req/25 gmem_addr_3_resp/37 "/>
</bind>
</comp>

<comp id="133" class="1004" name="write_ln12_write_fu_133">
<pin_list>
<pin id="134" dir="0" index="0" bw="0" slack="0"/>
<pin id="135" dir="0" index="1" bw="32" slack="1"/>
<pin id="136" dir="0" index="2" bw="32" slack="1"/>
<pin id="137" dir="0" index="3" bw="1" slack="0"/>
<pin id="138" dir="1" index="4" bw="0" slack="2147483647"/>
</pin_list>
<bind>
<opcode="write(1151) " fcode="write"/>
<opset="write_ln12/11 "/>
</bind>
</comp>

<comp id="142" class="1004" name="grp_readreq_fu_142">
<pin_list>
<pin id="143" dir="0" index="0" bw="1" slack="0"/>
<pin id="144" dir="0" index="1" bw="32" slack="1"/>
<pin id="145" dir="0" index="2" bw="1" slack="0"/>
<pin id="146" dir="1" index="3" bw="1" slack="2147483647"/>
</pin_list>
<bind>
<opcode="readreq(1154) " fcode="readreq"/>
<opset="gmem_load_1_req/18 "/>
</bind>
</comp>

<comp id="149" class="1004" name="grp_readreq_fu_149">
<pin_list>
<pin id="150" dir="0" index="0" bw="1" slack="0"/>
<pin id="151" dir="0" index="1" bw="32" slack="0"/>
<pin id="152" dir="0" index="2" bw="1" slack="0"/>
<pin id="153" dir="1" index="3" bw="1" slack="2147483647"/>
</pin_list>
<bind>
<opcode="readreq(1154) " fcode="readreq"/>
<opset="gmem_load_2_req/19 "/>
</bind>
</comp>

<comp id="156" class="1004" name="gmem_addr_2_read_read_fu_156">
<pin_list>
<pin id="157" dir="0" index="0" bw="32" slack="0"/>
<pin id="158" dir="0" index="1" bw="32" slack="8"/>
<pin id="159" dir="1" index="2" bw="32" slack="2"/>
</pin_list>
<bind>
<opcode="read(1150) " fcode="read"/>
<opset="gmem_addr_2_read/25 "/>
</bind>
</comp>

<comp id="161" class="1004" name="gmem_addr_3_read_read_fu_161">
<pin_list>
<pin id="162" dir="0" index="0" bw="32" slack="0"/>
<pin id="163" dir="0" index="1" bw="32" slack="7"/>
<pin id="164" dir="1" index="2" bw="32" slack="1"/>
</pin_list>
<bind>
<opcode="read(1150) " fcode="read"/>
<opset="gmem_addr_3_read/26 "/>
</bind>
</comp>

<comp id="166" class="1004" name="write_ln15_write_fu_166">
<pin_list>
<pin id="167" dir="0" index="0" bw="0" slack="0"/>
<pin id="168" dir="0" index="1" bw="32" slack="26"/>
<pin id="169" dir="0" index="2" bw="32" slack="1"/>
<pin id="170" dir="0" index="3" bw="1" slack="0"/>
<pin id="171" dir="1" index="4" bw="0" slack="2147483647"/>
</pin_list>
<bind>
<opcode="write(1151) " fcode="write"/>
<opset="write_ln15/36 "/>
</bind>
</comp>

<comp id="174" class="1005" name="i_0_reg_174">
<pin_list>
<pin id="175" dir="0" index="0" bw="31" slack="1"/>
<pin id="176" dir="1" index="1" bw="31" slack="1"/>
</pin_list>
<bind>
<opset="i_0 (phireg) "/>
</bind>
</comp>

<comp id="178" class="1004" name="i_0_phi_fu_178">
<pin_list>
<pin id="179" dir="0" index="0" bw="1" slack="1"/>
<pin id="180" dir="0" index="1" bw="0" slack="2147483647"/>
<pin id="181" dir="0" index="2" bw="31" slack="0"/>
<pin id="182" dir="0" index="3" bw="0" slack="2147483647"/>
<pin id="183" dir="1" index="4" bw="31" slack="0"/>
</pin_list>
<bind>
<opcode="phi(47) " fcode="phi"/>
<opset="i_0/2 "/>
</bind>
</comp>

<comp id="185" class="1005" name="phi_mul_reg_185">
<pin_list>
<pin id="186" dir="0" index="0" bw="32" slack="1"/>
<pin id="187" dir="1" index="1" bw="32" slack="1"/>
</pin_list>
<bind>
<opset="phi_mul (phireg) "/>
</bind>
</comp>

<comp id="189" class="1004" name="phi_mul_phi_fu_189">
<pin_list>
<pin id="190" dir="0" index="0" bw="1" slack="1"/>
<pin id="191" dir="0" index="1" bw="0" slack="2147483647"/>
<pin id="192" dir="0" index="2" bw="32" slack="0"/>
<pin id="193" dir="0" index="3" bw="0" slack="2147483647"/>
<pin id="194" dir="1" index="4" bw="32" slack="0"/>
</pin_list>
<bind>
<opcode="phi(47) " fcode="phi"/>
<opset="phi_mul/2 "/>
</bind>
</comp>

<comp id="197" class="1005" name="empty_reg_197">
<pin_list>
<pin id="198" dir="0" index="0" bw="32" slack="14"/>
<pin id="199" dir="1" index="1" bw="32" slack="14"/>
</pin_list>
<bind>
<opset="empty (phireg) "/>
</bind>
</comp>

<comp id="200" class="1004" name="empty_phi_fu_200">
<pin_list>
<pin id="201" dir="0" index="0" bw="32" slack="7"/>
<pin id="202" dir="0" index="1" bw="0" slack="2147483647"/>
<pin id="203" dir="0" index="2" bw="32" slack="1"/>
<pin id="204" dir="0" index="3" bw="0" slack="2147483647"/>
<pin id="205" dir="1" index="4" bw="32" slack="14"/>
</pin_list>
<bind>
<opcode="phi(47) " fcode="phi"/>
<opset="empty/17 "/>
</bind>
</comp>

<comp id="207" class="1005" name="j_0_reg_207">
<pin_list>
<pin id="208" dir="0" index="0" bw="31" slack="1"/>
<pin id="209" dir="1" index="1" bw="31" slack="1"/>
</pin_list>
<bind>
<opset="j_0 (phireg) "/>
</bind>
</comp>

<comp id="211" class="1004" name="j_0_phi_fu_211">
<pin_list>
<pin id="212" dir="0" index="0" bw="1" slack="1"/>
<pin id="213" dir="0" index="1" bw="0" slack="2147483647"/>
<pin id="214" dir="0" index="2" bw="31" slack="0"/>
<pin id="215" dir="0" index="3" bw="0" slack="2147483647"/>
<pin id="216" dir="1" index="4" bw="31" slack="0"/>
</pin_list>
<bind>
<opcode="phi(47) " fcode="phi"/>
<opset="j_0/17 "/>
</bind>
</comp>

<comp id="218" class="1004" name="grp_fu_218">
<pin_list>
<pin id="219" dir="0" index="0" bw="32" slack="14"/>
<pin id="220" dir="0" index="1" bw="32" slack="1"/>
<pin id="221" dir="1" index="2" bw="32" slack="1"/>
</pin_list>
<bind>
<opcode="fadd(9) " fcode="fadd"/>
<opset="tmp_1/31 "/>
</bind>
</comp>

<comp id="223" class="1004" name="grp_fu_223">
<pin_list>
<pin id="224" dir="0" index="0" bw="32" slack="2"/>
<pin id="225" dir="0" index="1" bw="32" slack="1"/>
<pin id="226" dir="1" index="2" bw="32" slack="1"/>
</pin_list>
<bind>
<opcode="fmul(13) " fcode="fmul"/>
<opset="tmp/27 "/>
</bind>
</comp>

<comp id="227" class="1004" name="tmp_2_fu_227">
<pin_list>
<pin id="228" dir="0" index="0" bw="30" slack="0"/>
<pin id="229" dir="0" index="1" bw="32" slack="0"/>
<pin id="230" dir="0" index="2" bw="3" slack="0"/>
<pin id="231" dir="0" index="3" bw="6" slack="0"/>
<pin id="232" dir="1" index="4" bw="30" slack="0"/>
</pin_list>
<bind>
<opcode="partselect(1002) " fcode="partselect"/>
<opset="tmp_2/1 "/>
</bind>
</comp>

<comp id="237" class="1004" name="p_cast12_fu_237">
<pin_list>
<pin id="238" dir="0" index="0" bw="30" slack="0"/>
<pin id="239" dir="1" index="1" bw="32" slack="1"/>
</pin_list>
<bind>
<opcode="zext(34) " fcode="zext"/>
<opset="p_cast12/1 "/>
</bind>
</comp>

<comp id="241" class="1004" name="tmp_3_fu_241">
<pin_list>
<pin id="242" dir="0" index="0" bw="30" slack="0"/>
<pin id="243" dir="0" index="1" bw="32" slack="0"/>
<pin id="244" dir="0" index="2" bw="3" slack="0"/>
<pin id="245" dir="0" index="3" bw="6" slack="0"/>
<pin id="246" dir="1" index="4" bw="30" slack="0"/>
</pin_list>
<bind>
<opcode="partselect(1002) " fcode="partselect"/>
<opset="tmp_3/1 "/>
</bind>
</comp>

<comp id="251" class="1004" name="p_cast11_fu_251">
<pin_list>
<pin id="252" dir="0" index="0" bw="30" slack="0"/>
<pin id="253" dir="1" index="1" bw="32" slack="1"/>
</pin_list>
<bind>
<opcode="zext(34) " fcode="zext"/>
<opset="p_cast11/1 "/>
</bind>
</comp>

<comp id="255" class="1004" name="tmp_4_fu_255">
<pin_list>
<pin id="256" dir="0" index="0" bw="30" slack="0"/>
<pin id="257" dir="0" index="1" bw="32" slack="0"/>
<pin id="258" dir="0" index="2" bw="3" slack="0"/>
<pin id="259" dir="0" index="3" bw="6" slack="0"/>
<pin id="260" dir="1" index="4" bw="30" slack="0"/>
</pin_list>
<bind>
<opcode="partselect(1002) " fcode="partselect"/>
<opset="tmp_4/1 "/>
</bind>
</comp>

<comp id="265" class="1004" name="p_cast10_fu_265">
<pin_list>
<pin id="266" dir="0" index="0" bw="30" slack="0"/>
<pin id="267" dir="1" index="1" bw="33" slack="16"/>
</pin_list>
<bind>
<opcode="zext(34) " fcode="zext"/>
<opset="p_cast10/1 "/>
</bind>
</comp>

<comp id="269" class="1004" name="tmp_5_fu_269">
<pin_list>
<pin id="270" dir="0" index="0" bw="30" slack="0"/>
<pin id="271" dir="0" index="1" bw="32" slack="0"/>
<pin id="272" dir="0" index="2" bw="3" slack="0"/>
<pin id="273" dir="0" index="3" bw="6" slack="0"/>
<pin id="274" dir="1" index="4" bw="30" slack="0"/>
</pin_list>
<bind>
<opcode="partselect(1002) " fcode="partselect"/>
<opset="tmp_5/1 "/>
</bind>
</comp>

<comp id="279" class="1004" name="p_cast_fu_279">
<pin_list>
<pin id="280" dir="0" index="0" bw="30" slack="0"/>
<pin id="281" dir="1" index="1" bw="32" slack="16"/>
</pin_list>
<bind>
<opcode="zext(34) " fcode="zext"/>
<opset="p_cast/1 "/>
</bind>
</comp>

<comp id="283" class="1004" name="add_ln11_fu_283">
<pin_list>
<pin id="284" dir="0" index="0" bw="32" slack="0"/>
<pin id="285" dir="0" index="1" bw="32" slack="1"/>
<pin id="286" dir="1" index="2" bw="32" slack="0"/>
</pin_list>
<bind>
<opcode="add(8) " fcode="add"/>
<opset="add_ln11/2 "/>
</bind>
</comp>

<comp id="288" class="1004" name="zext_ln11_fu_288">
<pin_list>
<pin id="289" dir="0" index="0" bw="31" slack="0"/>
<pin id="290" dir="1" index="1" bw="32" slack="0"/>
</pin_list>
<bind>
<opcode="zext(34) " fcode="zext"/>
<opset="zext_ln11/2 "/>
</bind>
</comp>

<comp id="292" class="1004" name="icmp_ln11_fu_292">
<pin_list>
<pin id="293" dir="0" index="0" bw="31" slack="0"/>
<pin id="294" dir="0" index="1" bw="32" slack="1"/>
<pin id="295" dir="1" index="2" bw="1" slack="2147483647"/>
</pin_list>
<bind>
<opcode="icmp(45) " fcode="icmp"/>
<opset="icmp_ln11/2 "/>
</bind>
</comp>

<comp id="297" class="1004" name="i_fu_297">
<pin_list>
<pin id="298" dir="0" index="0" bw="31" slack="0"/>
<pin id="299" dir="0" index="1" bw="1" slack="0"/>
<pin id="300" dir="1" index="2" bw="31" slack="0"/>
</pin_list>
<bind>
<opcode="add(8) " fcode="add"/>
<opset="i/2 "/>
</bind>
</comp>

<comp id="303" class="1004" name="add_ln12_fu_303">
<pin_list>
<pin id="304" dir="0" index="0" bw="31" slack="0"/>
<pin id="305" dir="0" index="1" bw="30" slack="1"/>
<pin id="306" dir="1" index="2" bw="32" slack="1"/>
</pin_list>
<bind>
<opcode="add(8) " fcode="add"/>
<opset="add_ln12/2 "/>
</bind>
</comp>

<comp id="308" class="1004" name="add_ln12_1_fu_308">
<pin_list>
<pin id="309" dir="0" index="0" bw="31" slack="0"/>
<pin id="310" dir="0" index="1" bw="30" slack="1"/>
<pin id="311" dir="1" index="2" bw="32" slack="8"/>
</pin_list>
<bind>
<opcode="add(8) " fcode="add"/>
<opset="add_ln12_1/2 "/>
</bind>
</comp>

<comp id="313" class="1004" name="zext_ln12_fu_313">
<pin_list>
<pin id="314" dir="0" index="0" bw="32" slack="1"/>
<pin id="315" dir="1" index="1" bw="64" slack="0"/>
</pin_list>
<bind>
<opcode="zext(34) " fcode="zext"/>
<opset="zext_ln12/3 "/>
</bind>
</comp>

<comp id="316" class="1004" name="gmem_addr_fu_316">
<pin_list>
<pin id="317" dir="0" index="0" bw="32" slack="0"/>
<pin id="318" dir="0" index="1" bw="32" slack="0"/>
<pin id="319" dir="1" index="2" bw="32" slack="0"/>
</pin_list>
<bind>
<opcode="getelementptr(29) " fcode="getelementptr"/>
<opset="gmem_addr/3 "/>
</bind>
</comp>

<comp id="323" class="1004" name="zext_ln12_1_fu_323">
<pin_list>
<pin id="324" dir="0" index="0" bw="32" slack="8"/>
<pin id="325" dir="1" index="1" bw="64" slack="0"/>
</pin_list>
<bind>
<opcode="zext(34) " fcode="zext"/>
<opset="zext_ln12_1/10 "/>
</bind>
</comp>

<comp id="326" class="1004" name="gmem_addr_1_fu_326">
<pin_list>
<pin id="327" dir="0" index="0" bw="32" slack="0"/>
<pin id="328" dir="0" index="1" bw="32" slack="0"/>
<pin id="329" dir="1" index="2" bw="32" slack="0"/>
</pin_list>
<bind>
<opcode="getelementptr(29) " fcode="getelementptr"/>
<opset="gmem_addr_1/10 "/>
</bind>
</comp>

<comp id="333" class="1004" name="zext_ln14_fu_333">
<pin_list>
<pin id="334" dir="0" index="0" bw="31" slack="0"/>
<pin id="335" dir="1" index="1" bw="32" slack="0"/>
</pin_list>
<bind>
<opcode="zext(34) " fcode="zext"/>
<opset="zext_ln14/17 "/>
</bind>
</comp>

<comp id="337" class="1004" name="icmp_ln14_fu_337">
<pin_list>
<pin id="338" dir="0" index="0" bw="31" slack="0"/>
<pin id="339" dir="0" index="1" bw="32" slack="16"/>
<pin id="340" dir="1" index="2" bw="1" slack="2147483647"/>
</pin_list>
<bind>
<opcode="icmp(45) " fcode="icmp"/>
<opset="icmp_ln14/17 "/>
</bind>
</comp>

<comp id="342" class="1004" name="j_fu_342">
<pin_list>
<pin id="343" dir="0" index="0" bw="31" slack="0"/>
<pin id="344" dir="0" index="1" bw="1" slack="0"/>
<pin id="345" dir="1" index="2" bw="31" slack="0"/>
</pin_list>
<bind>
<opcode="add(8) " fcode="add"/>
<opset="j/17 "/>
</bind>
</comp>

<comp id="348" class="1004" name="add_ln15_fu_348">
<pin_list>
<pin id="349" dir="0" index="0" bw="31" slack="0"/>
<pin id="350" dir="0" index="1" bw="32" slack="15"/>
<pin id="351" dir="1" index="2" bw="32" slack="0"/>
</pin_list>
<bind>
<opcode="add(8) " fcode="add"/>
<opset="add_ln15/17 "/>
</bind>
</comp>

<comp id="354" class="1004" name="sext_ln15_fu_354">
<pin_list>
<pin id="355" dir="0" index="0" bw="32" slack="0"/>
<pin id="356" dir="1" index="1" bw="33" slack="0"/>
</pin_list>
<bind>
<opcode="sext(35) " fcode="sext"/>
<opset="sext_ln15/17 "/>
</bind>
</comp>

<comp id="358" class="1004" name="add_ln15_1_fu_358">
<pin_list>
<pin id="359" dir="0" index="0" bw="32" slack="0"/>
<pin id="360" dir="0" index="1" bw="30" slack="16"/>
<pin id="361" dir="1" index="2" bw="33" slack="0"/>
</pin_list>
<bind>
<opcode="add(8) " fcode="add"/>
<opset="add_ln15_1/17 "/>
</bind>
</comp>

<comp id="363" class="1004" name="sext_ln15_1_fu_363">
<pin_list>
<pin id="364" dir="0" index="0" bw="33" slack="0"/>
<pin id="365" dir="1" index="1" bw="64" slack="0"/>
</pin_list>
<bind>
<opcode="sext(35) " fcode="sext"/>
<opset="sext_ln15_1/17 "/>
</bind>
</comp>

<comp id="367" class="1004" name="gmem_addr_2_fu_367">
<pin_list>
<pin id="368" dir="0" index="0" bw="32" slack="0"/>
<pin id="369" dir="0" index="1" bw="33" slack="0"/>
<pin id="370" dir="1" index="2" bw="32" slack="1"/>
</pin_list>
<bind>
<opcode="getelementptr(29) " fcode="getelementptr"/>
<opset="gmem_addr_2/17 "/>
</bind>
</comp>

<comp id="373" class="1004" name="add_ln15_2_fu_373">
<pin_list>
<pin id="374" dir="0" index="0" bw="31" slack="0"/>
<pin id="375" dir="0" index="1" bw="30" slack="16"/>
<pin id="376" dir="1" index="2" bw="32" slack="2"/>
</pin_list>
<bind>
<opcode="add(8) " fcode="add"/>
<opset="add_ln15_2/17 "/>
</bind>
</comp>

<comp id="378" class="1004" name="zext_ln15_fu_378">
<pin_list>
<pin id="379" dir="0" index="0" bw="32" slack="2"/>
<pin id="380" dir="1" index="1" bw="64" slack="0"/>
</pin_list>
<bind>
<opcode="zext(34) " fcode="zext"/>
<opset="zext_ln15/19 "/>
</bind>
</comp>

<comp id="381" class="1004" name="gmem_addr_3_fu_381">
<pin_list>
<pin id="382" dir="0" index="0" bw="32" slack="0"/>
<pin id="383" dir="0" index="1" bw="32" slack="0"/>
<pin id="384" dir="1" index="2" bw="32" slack="0"/>
</pin_list>
<bind>
<opcode="getelementptr(29) " fcode="getelementptr"/>
<opset="gmem_addr_3/19 "/>
</bind>
</comp>

<comp id="388" class="1005" name="ydim_read_reg_388">
<pin_list>
<pin id="389" dir="0" index="0" bw="32" slack="1"/>
<pin id="390" dir="1" index="1" bw="32" slack="1"/>
</pin_list>
<bind>
<opset="ydim_read "/>
</bind>
</comp>

<comp id="393" class="1005" name="xdim_read_reg_393">
<pin_list>
<pin id="394" dir="0" index="0" bw="32" slack="1"/>
<pin id="395" dir="1" index="1" bw="32" slack="1"/>
</pin_list>
<bind>
<opset="xdim_read "/>
</bind>
</comp>

<comp id="399" class="1005" name="p_cast12_reg_399">
<pin_list>
<pin id="400" dir="0" index="0" bw="32" slack="1"/>
<pin id="401" dir="1" index="1" bw="32" slack="1"/>
</pin_list>
<bind>
<opset="p_cast12 "/>
</bind>
</comp>

<comp id="404" class="1005" name="p_cast11_reg_404">
<pin_list>
<pin id="405" dir="0" index="0" bw="32" slack="1"/>
<pin id="406" dir="1" index="1" bw="32" slack="1"/>
</pin_list>
<bind>
<opset="p_cast11 "/>
</bind>
</comp>

<comp id="409" class="1005" name="p_cast10_reg_409">
<pin_list>
<pin id="410" dir="0" index="0" bw="33" slack="16"/>
<pin id="411" dir="1" index="1" bw="33" slack="16"/>
</pin_list>
<bind>
<opset="p_cast10 "/>
</bind>
</comp>

<comp id="414" class="1005" name="p_cast_reg_414">
<pin_list>
<pin id="415" dir="0" index="0" bw="32" slack="16"/>
<pin id="416" dir="1" index="1" bw="32" slack="16"/>
</pin_list>
<bind>
<opset="p_cast "/>
</bind>
</comp>

<comp id="419" class="1005" name="add_ln11_reg_419">
<pin_list>
<pin id="420" dir="0" index="0" bw="32" slack="0"/>
<pin id="421" dir="1" index="1" bw="32" slack="0"/>
</pin_list>
<bind>
<opset="add_ln11 "/>
</bind>
</comp>

<comp id="427" class="1005" name="i_reg_427">
<pin_list>
<pin id="428" dir="0" index="0" bw="31" slack="0"/>
<pin id="429" dir="1" index="1" bw="31" slack="0"/>
</pin_list>
<bind>
<opset="i "/>
</bind>
</comp>

<comp id="432" class="1005" name="add_ln12_reg_432">
<pin_list>
<pin id="433" dir="0" index="0" bw="32" slack="1"/>
<pin id="434" dir="1" index="1" bw="32" slack="1"/>
</pin_list>
<bind>
<opset="add_ln12 "/>
</bind>
</comp>

<comp id="437" class="1005" name="add_ln12_1_reg_437">
<pin_list>
<pin id="438" dir="0" index="0" bw="32" slack="8"/>
<pin id="439" dir="1" index="1" bw="32" slack="8"/>
</pin_list>
<bind>
<opset="add_ln12_1 "/>
</bind>
</comp>

<comp id="442" class="1005" name="gmem_addr_reg_442">
<pin_list>
<pin id="443" dir="0" index="0" bw="32" slack="1"/>
<pin id="444" dir="1" index="1" bw="32" slack="1"/>
</pin_list>
<bind>
<opset="gmem_addr "/>
</bind>
</comp>

<comp id="448" class="1005" name="gmem_addr_read_reg_448">
<pin_list>
<pin id="449" dir="0" index="0" bw="32" slack="1"/>
<pin id="450" dir="1" index="1" bw="32" slack="1"/>
</pin_list>
<bind>
<opset="gmem_addr_read "/>
</bind>
</comp>

<comp id="454" class="1005" name="gmem_addr_1_reg_454">
<pin_list>
<pin id="455" dir="0" index="0" bw="32" slack="1"/>
<pin id="456" dir="1" index="1" bw="32" slack="1"/>
</pin_list>
<bind>
<opset="gmem_addr_1 "/>
</bind>
</comp>

<comp id="464" class="1005" name="j_reg_464">
<pin_list>
<pin id="465" dir="0" index="0" bw="31" slack="0"/>
<pin id="466" dir="1" index="1" bw="31" slack="0"/>
</pin_list>
<bind>
<opset="j "/>
</bind>
</comp>

<comp id="469" class="1005" name="gmem_addr_2_reg_469">
<pin_list>
<pin id="470" dir="0" index="0" bw="32" slack="1"/>
<pin id="471" dir="1" index="1" bw="32" slack="1"/>
</pin_list>
<bind>
<opset="gmem_addr_2 "/>
</bind>
</comp>

<comp id="475" class="1005" name="add_ln15_2_reg_475">
<pin_list>
<pin id="476" dir="0" index="0" bw="32" slack="2"/>
<pin id="477" dir="1" index="1" bw="32" slack="2"/>
</pin_list>
<bind>
<opset="add_ln15_2 "/>
</bind>
</comp>

<comp id="480" class="1005" name="gmem_addr_3_reg_480">
<pin_list>
<pin id="481" dir="0" index="0" bw="32" slack="1"/>
<pin id="482" dir="1" index="1" bw="32" slack="1"/>
</pin_list>
<bind>
<opset="gmem_addr_3 "/>
</bind>
</comp>

<comp id="486" class="1005" name="gmem_addr_2_read_reg_486">
<pin_list>
<pin id="487" dir="0" index="0" bw="32" slack="2"/>
<pin id="488" dir="1" index="1" bw="32" slack="2"/>
</pin_list>
<bind>
<opset="gmem_addr_2_read "/>
</bind>
</comp>

<comp id="491" class="1005" name="gmem_addr_3_read_reg_491">
<pin_list>
<pin id="492" dir="0" index="0" bw="32" slack="1"/>
<pin id="493" dir="1" index="1" bw="32" slack="1"/>
</pin_list>
<bind>
<opset="gmem_addr_3_read "/>
</bind>
</comp>

<comp id="496" class="1005" name="tmp_reg_496">
<pin_list>
<pin id="497" dir="0" index="0" bw="32" slack="1"/>
<pin id="498" dir="1" index="1" bw="32" slack="1"/>
</pin_list>
<bind>
<opset="tmp "/>
</bind>
</comp>

<comp id="501" class="1005" name="tmp_1_reg_501">
<pin_list>
<pin id="502" dir="0" index="0" bw="32" slack="1"/>
<pin id="503" dir="1" index="1" bw="32" slack="1"/>
</pin_list>
<bind>
<opset="tmp_1 "/>
</bind>
</comp>

</comp_list>

<net_list>
<net id="82"><net_src comp="14" pin="0"/><net_sink comp="78" pin=0"/></net>

<net id="83"><net_src comp="12" pin="0"/><net_sink comp="78" pin=1"/></net>

<net id="88"><net_src comp="14" pin="0"/><net_sink comp="84" pin=0"/></net>

<net id="89"><net_src comp="10" pin="0"/><net_sink comp="84" pin=1"/></net>

<net id="94"><net_src comp="14" pin="0"/><net_sink comp="90" pin=0"/></net>

<net id="95"><net_src comp="8" pin="0"/><net_sink comp="90" pin=1"/></net>

<net id="100"><net_src comp="14" pin="0"/><net_sink comp="96" pin=0"/></net>

<net id="101"><net_src comp="6" pin="0"/><net_sink comp="96" pin=1"/></net>

<net id="106"><net_src comp="14" pin="0"/><net_sink comp="102" pin=0"/></net>

<net id="107"><net_src comp="4" pin="0"/><net_sink comp="102" pin=1"/></net>

<net id="112"><net_src comp="14" pin="0"/><net_sink comp="108" pin=0"/></net>

<net id="113"><net_src comp="2" pin="0"/><net_sink comp="108" pin=1"/></net>

<net id="119"><net_src comp="64" pin="0"/><net_sink comp="114" pin=0"/></net>

<net id="120"><net_src comp="66" pin="0"/><net_sink comp="114" pin=2"/></net>

<net id="125"><net_src comp="68" pin="0"/><net_sink comp="121" pin=0"/></net>

<net id="131"><net_src comp="70" pin="0"/><net_sink comp="126" pin=0"/></net>

<net id="132"><net_src comp="66" pin="0"/><net_sink comp="126" pin=2"/></net>

<net id="139"><net_src comp="72" pin="0"/><net_sink comp="133" pin=0"/></net>

<net id="140"><net_src comp="74" pin="0"/><net_sink comp="133" pin=3"/></net>

<net id="141"><net_src comp="76" pin="0"/><net_sink comp="126" pin=0"/></net>

<net id="147"><net_src comp="64" pin="0"/><net_sink comp="142" pin=0"/></net>

<net id="148"><net_src comp="66" pin="0"/><net_sink comp="142" pin=2"/></net>

<net id="154"><net_src comp="64" pin="0"/><net_sink comp="149" pin=0"/></net>

<net id="155"><net_src comp="66" pin="0"/><net_sink comp="149" pin=2"/></net>

<net id="160"><net_src comp="68" pin="0"/><net_sink comp="156" pin=0"/></net>

<net id="165"><net_src comp="68" pin="0"/><net_sink comp="161" pin=0"/></net>

<net id="172"><net_src comp="72" pin="0"/><net_sink comp="166" pin=0"/></net>

<net id="173"><net_src comp="74" pin="0"/><net_sink comp="166" pin=3"/></net>

<net id="177"><net_src comp="60" pin="0"/><net_sink comp="174" pin=0"/></net>

<net id="184"><net_src comp="174" pin="1"/><net_sink comp="178" pin=0"/></net>

<net id="188"><net_src comp="32" pin="0"/><net_sink comp="185" pin=0"/></net>

<net id="195"><net_src comp="185" pin="1"/><net_sink comp="189" pin=0"/></net>

<net id="196"><net_src comp="189" pin="4"/><net_sink comp="185" pin=0"/></net>

<net id="206"><net_src comp="200" pin="4"/><net_sink comp="197" pin=0"/></net>

<net id="210"><net_src comp="60" pin="0"/><net_sink comp="207" pin=0"/></net>

<net id="217"><net_src comp="207" pin="1"/><net_sink comp="211" pin=0"/></net>

<net id="222"><net_src comp="197" pin="1"/><net_sink comp="218" pin=0"/></net>

<net id="233"><net_src comp="16" pin="0"/><net_sink comp="227" pin=0"/></net>

<net id="234"><net_src comp="90" pin="2"/><net_sink comp="227" pin=1"/></net>

<net id="235"><net_src comp="18" pin="0"/><net_sink comp="227" pin=2"/></net>

<net id="236"><net_src comp="20" pin="0"/><net_sink comp="227" pin=3"/></net>

<net id="240"><net_src comp="227" pin="4"/><net_sink comp="237" pin=0"/></net>

<net id="247"><net_src comp="16" pin="0"/><net_sink comp="241" pin=0"/></net>

<net id="248"><net_src comp="96" pin="2"/><net_sink comp="241" pin=1"/></net>

<net id="249"><net_src comp="18" pin="0"/><net_sink comp="241" pin=2"/></net>

<net id="250"><net_src comp="20" pin="0"/><net_sink comp="241" pin=3"/></net>

<net id="254"><net_src comp="241" pin="4"/><net_sink comp="251" pin=0"/></net>

<net id="261"><net_src comp="16" pin="0"/><net_sink comp="255" pin=0"/></net>

<net id="262"><net_src comp="102" pin="2"/><net_sink comp="255" pin=1"/></net>

<net id="263"><net_src comp="18" pin="0"/><net_sink comp="255" pin=2"/></net>

<net id="264"><net_src comp="20" pin="0"/><net_sink comp="255" pin=3"/></net>

<net id="268"><net_src comp="255" pin="4"/><net_sink comp="265" pin=0"/></net>

<net id="275"><net_src comp="16" pin="0"/><net_sink comp="269" pin=0"/></net>

<net id="276"><net_src comp="108" pin="2"/><net_sink comp="269" pin=1"/></net>

<net id="277"><net_src comp="18" pin="0"/><net_sink comp="269" pin=2"/></net>

<net id="278"><net_src comp="20" pin="0"/><net_sink comp="269" pin=3"/></net>

<net id="282"><net_src comp="269" pin="4"/><net_sink comp="279" pin=0"/></net>

<net id="287"><net_src comp="189" pin="4"/><net_sink comp="283" pin=0"/></net>

<net id="291"><net_src comp="178" pin="4"/><net_sink comp="288" pin=0"/></net>

<net id="296"><net_src comp="288" pin="1"/><net_sink comp="292" pin=0"/></net>

<net id="301"><net_src comp="178" pin="4"/><net_sink comp="297" pin=0"/></net>

<net id="302"><net_src comp="62" pin="0"/><net_sink comp="297" pin=1"/></net>

<net id="307"><net_src comp="288" pin="1"/><net_sink comp="303" pin=0"/></net>

<net id="312"><net_src comp="288" pin="1"/><net_sink comp="308" pin=0"/></net>

<net id="320"><net_src comp="0" pin="0"/><net_sink comp="316" pin=0"/></net>

<net id="321"><net_src comp="313" pin="1"/><net_sink comp="316" pin=1"/></net>

<net id="322"><net_src comp="316" pin="2"/><net_sink comp="114" pin=1"/></net>

<net id="330"><net_src comp="0" pin="0"/><net_sink comp="326" pin=0"/></net>

<net id="331"><net_src comp="323" pin="1"/><net_sink comp="326" pin=1"/></net>

<net id="332"><net_src comp="326" pin="2"/><net_sink comp="126" pin=1"/></net>

<net id="336"><net_src comp="211" pin="4"/><net_sink comp="333" pin=0"/></net>

<net id="341"><net_src comp="333" pin="1"/><net_sink comp="337" pin=0"/></net>

<net id="346"><net_src comp="211" pin="4"/><net_sink comp="342" pin=0"/></net>

<net id="347"><net_src comp="62" pin="0"/><net_sink comp="342" pin=1"/></net>

<net id="352"><net_src comp="333" pin="1"/><net_sink comp="348" pin=0"/></net>

<net id="353"><net_src comp="185" pin="1"/><net_sink comp="348" pin=1"/></net>

<net id="357"><net_src comp="348" pin="2"/><net_sink comp="354" pin=0"/></net>

<net id="362"><net_src comp="354" pin="1"/><net_sink comp="358" pin=0"/></net>

<net id="366"><net_src comp="358" pin="2"/><net_sink comp="363" pin=0"/></net>

<net id="371"><net_src comp="0" pin="0"/><net_sink comp="367" pin=0"/></net>

<net id="372"><net_src comp="363" pin="1"/><net_sink comp="367" pin=1"/></net>

<net id="377"><net_src comp="333" pin="1"/><net_sink comp="373" pin=0"/></net>

<net id="385"><net_src comp="0" pin="0"/><net_sink comp="381" pin=0"/></net>

<net id="386"><net_src comp="378" pin="1"/><net_sink comp="381" pin=1"/></net>

<net id="387"><net_src comp="381" pin="2"/><net_sink comp="149" pin=1"/></net>

<net id="391"><net_src comp="78" pin="2"/><net_sink comp="388" pin=0"/></net>

<net id="392"><net_src comp="388" pin="1"/><net_sink comp="292" pin=1"/></net>

<net id="396"><net_src comp="84" pin="2"/><net_sink comp="393" pin=0"/></net>

<net id="397"><net_src comp="393" pin="1"/><net_sink comp="283" pin=1"/></net>

<net id="398"><net_src comp="393" pin="1"/><net_sink comp="337" pin=1"/></net>

<net id="402"><net_src comp="237" pin="1"/><net_sink comp="399" pin=0"/></net>

<net id="403"><net_src comp="399" pin="1"/><net_sink comp="303" pin=1"/></net>

<net id="407"><net_src comp="251" pin="1"/><net_sink comp="404" pin=0"/></net>

<net id="408"><net_src comp="404" pin="1"/><net_sink comp="308" pin=1"/></net>

<net id="412"><net_src comp="265" pin="1"/><net_sink comp="409" pin=0"/></net>

<net id="413"><net_src comp="409" pin="1"/><net_sink comp="358" pin=1"/></net>

<net id="417"><net_src comp="279" pin="1"/><net_sink comp="414" pin=0"/></net>

<net id="418"><net_src comp="414" pin="1"/><net_sink comp="373" pin=1"/></net>

<net id="422"><net_src comp="283" pin="2"/><net_sink comp="419" pin=0"/></net>

<net id="423"><net_src comp="419" pin="1"/><net_sink comp="189" pin=2"/></net>

<net id="430"><net_src comp="297" pin="2"/><net_sink comp="427" pin=0"/></net>

<net id="431"><net_src comp="427" pin="1"/><net_sink comp="178" pin=2"/></net>

<net id="435"><net_src comp="303" pin="2"/><net_sink comp="432" pin=0"/></net>

<net id="436"><net_src comp="432" pin="1"/><net_sink comp="313" pin=0"/></net>

<net id="440"><net_src comp="308" pin="2"/><net_sink comp="437" pin=0"/></net>

<net id="441"><net_src comp="437" pin="1"/><net_sink comp="323" pin=0"/></net>

<net id="445"><net_src comp="316" pin="2"/><net_sink comp="442" pin=0"/></net>

<net id="446"><net_src comp="442" pin="1"/><net_sink comp="114" pin=1"/></net>

<net id="447"><net_src comp="442" pin="1"/><net_sink comp="121" pin=1"/></net>

<net id="451"><net_src comp="121" pin="2"/><net_sink comp="448" pin=0"/></net>

<net id="452"><net_src comp="448" pin="1"/><net_sink comp="133" pin=2"/></net>

<net id="453"><net_src comp="448" pin="1"/><net_sink comp="200" pin=0"/></net>

<net id="457"><net_src comp="326" pin="2"/><net_sink comp="454" pin=0"/></net>

<net id="458"><net_src comp="454" pin="1"/><net_sink comp="133" pin=1"/></net>

<net id="459"><net_src comp="454" pin="1"/><net_sink comp="126" pin=1"/></net>

<net id="460"><net_src comp="454" pin="1"/><net_sink comp="166" pin=1"/></net>

<net id="467"><net_src comp="342" pin="2"/><net_sink comp="464" pin=0"/></net>

<net id="468"><net_src comp="464" pin="1"/><net_sink comp="211" pin=2"/></net>

<net id="472"><net_src comp="367" pin="2"/><net_sink comp="469" pin=0"/></net>

<net id="473"><net_src comp="469" pin="1"/><net_sink comp="142" pin=1"/></net>

<net id="474"><net_src comp="469" pin="1"/><net_sink comp="156" pin=1"/></net>

<net id="478"><net_src comp="373" pin="2"/><net_sink comp="475" pin=0"/></net>

<net id="479"><net_src comp="475" pin="1"/><net_sink comp="378" pin=0"/></net>

<net id="483"><net_src comp="381" pin="2"/><net_sink comp="480" pin=0"/></net>

<net id="484"><net_src comp="480" pin="1"/><net_sink comp="149" pin=1"/></net>

<net id="485"><net_src comp="480" pin="1"/><net_sink comp="161" pin=1"/></net>

<net id="489"><net_src comp="156" pin="2"/><net_sink comp="486" pin=0"/></net>

<net id="490"><net_src comp="486" pin="1"/><net_sink comp="223" pin=0"/></net>

<net id="494"><net_src comp="161" pin="2"/><net_sink comp="491" pin=0"/></net>

<net id="495"><net_src comp="491" pin="1"/><net_sink comp="223" pin=1"/></net>

<net id="499"><net_src comp="223" pin="2"/><net_sink comp="496" pin=0"/></net>

<net id="500"><net_src comp="496" pin="1"/><net_sink comp="218" pin=1"/></net>

<net id="504"><net_src comp="218" pin="2"/><net_sink comp="501" pin=0"/></net>

<net id="505"><net_src comp="501" pin="1"/><net_sink comp="200" pin=2"/></net>

<net id="506"><net_src comp="501" pin="1"/><net_sink comp="166" pin=2"/></net>

</net_list>

</model> 
---------------- Datapath Model END ------------------

* FSMD analyzer results:
  - Output states:
	Port: gmem | {10 11 12 13 14 15 16 25 36 37 38 39 40 41 }
 - Input state : 
	Port: forward_fcc : gmem | {3 4 5 6 7 8 9 10 18 19 20 21 22 23 24 25 26 }
	Port: forward_fcc : x | {1 }
	Port: forward_fcc : w | {1 }
	Port: forward_fcc : y | {1 }
	Port: forward_fcc : b | {1 }
	Port: forward_fcc : xdim | {1 }
	Port: forward_fcc : ydim | {1 }
  - Chain level:
	State 1
		p_cast12 : 1
		p_cast11 : 1
		p_cast10 : 1
		p_cast : 1
	State 2
		add_ln11 : 1
		zext_ln11 : 1
		icmp_ln11 : 2
		i : 1
		br_ln11 : 3
		add_ln12 : 2
		add_ln12_1 : 2
	State 3
		gmem_addr : 1
		gmem_load_req : 2
	State 4
	State 5
	State 6
	State 7
	State 8
	State 9
	State 10
		gmem_addr_1 : 1
		gmem_addr_3_req19 : 2
	State 11
	State 12
	State 13
	State 14
	State 15
	State 16
	State 17
		zext_ln14 : 1
		icmp_ln14 : 2
		j : 1
		br_ln14 : 3
		add_ln15 : 2
		sext_ln15 : 3
		add_ln15_1 : 4
		sext_ln15_1 : 5
		gmem_addr_2 : 6
		add_ln15_2 : 2
	State 18
	State 19
		gmem_addr_3 : 1
		gmem_load_2_req : 2
	State 20
	State 21
	State 22
	State 23
	State 24
	State 25
	State 26
	State 27
	State 28
	State 29
	State 30
	State 31
	State 32
	State 33
	State 34
	State 35
	State 36
	State 37
	State 38
	State 39
	State 40
	State 41


============================================================
+ Verbose Summary: Datapath Resource usage 
============================================================

* Functional unit list:
|----------|------------------------------|---------|---------|---------|
| Operation|        Functional Unit       |  DSP48E |    FF   |   LUT   |
|----------|------------------------------|---------|---------|---------|
|   fadd   |          grp_fu_218          |    2    |   205   |   390   |
|----------|------------------------------|---------|---------|---------|
|   fmul   |          grp_fu_223          |    3    |   143   |   321   |
|----------|------------------------------|---------|---------|---------|
|          |        add_ln11_fu_283       |    0    |    0    |    39   |
|          |           i_fu_297           |    0    |    0    |    38   |
|          |        add_ln12_fu_303       |    0    |    0    |    38   |
|    add   |       add_ln12_1_fu_308      |    0    |    0    |    38   |
|          |           j_fu_342           |    0    |    0    |    38   |
|          |        add_ln15_fu_348       |    0    |    0    |    39   |
|          |       add_ln15_1_fu_358      |    0    |    0    |    39   |
|          |       add_ln15_2_fu_373      |    0    |    0    |    38   |
|----------|------------------------------|---------|---------|---------|
|   icmp   |       icmp_ln11_fu_292       |    0    |    0    |    18   |
|          |       icmp_ln14_fu_337       |    0    |    0    |    18   |
|----------|------------------------------|---------|---------|---------|
|          |     ydim_read_read_fu_78     |    0    |    0    |    0    |
|          |     xdim_read_read_fu_84     |    0    |    0    |    0    |
|          |       b_read_read_fu_90      |    0    |    0    |    0    |
|          |       y_read_read_fu_96      |    0    |    0    |    0    |
|   read   |      w_read_read_fu_102      |    0    |    0    |    0    |
|          |      x_read_read_fu_108      |    0    |    0    |    0    |
|          |  gmem_addr_read_read_fu_121  |    0    |    0    |    0    |
|          | gmem_addr_2_read_read_fu_156 |    0    |    0    |    0    |
|          | gmem_addr_3_read_read_fu_161 |    0    |    0    |    0    |
|----------|------------------------------|---------|---------|---------|
|          |      grp_readreq_fu_114      |    0    |    0    |    0    |
|  readreq |      grp_readreq_fu_142      |    0    |    0    |    0    |
|          |      grp_readreq_fu_149      |    0    |    0    |    0    |
|----------|------------------------------|---------|---------|---------|
| writeresp|     grp_writeresp_fu_126     |    0    |    0    |    0    |
|----------|------------------------------|---------|---------|---------|
|   write  |    write_ln12_write_fu_133   |    0    |    0    |    0    |
|          |    write_ln15_write_fu_166   |    0    |    0    |    0    |
|----------|------------------------------|---------|---------|---------|
|          |         tmp_2_fu_227         |    0    |    0    |    0    |
|partselect|         tmp_3_fu_241         |    0    |    0    |    0    |
|          |         tmp_4_fu_255         |    0    |    0    |    0    |
|          |         tmp_5_fu_269         |    0    |    0    |    0    |
|----------|------------------------------|---------|---------|---------|
|          |        p_cast12_fu_237       |    0    |    0    |    0    |
|          |        p_cast11_fu_251       |    0    |    0    |    0    |
|          |        p_cast10_fu_265       |    0    |    0    |    0    |
|          |         p_cast_fu_279        |    0    |    0    |    0    |
|   zext   |       zext_ln11_fu_288       |    0    |    0    |    0    |
|          |       zext_ln12_fu_313       |    0    |    0    |    0    |
|          |      zext_ln12_1_fu_323      |    0    |    0    |    0    |
|          |       zext_ln14_fu_333       |    0    |    0    |    0    |
|          |       zext_ln15_fu_378       |    0    |    0    |    0    |
|----------|------------------------------|---------|---------|---------|
|   sext   |       sext_ln15_fu_354       |    0    |    0    |    0    |
|          |      sext_ln15_1_fu_363      |    0    |    0    |    0    |
|----------|------------------------------|---------|---------|---------|
|   Total  |                              |    5    |   348   |   1054  |
|----------|------------------------------|---------|---------|---------|

Memories:
N/A

* Register list:
+------------------------+--------+
|                        |   FF   |
+------------------------+--------+
|    add_ln11_reg_419    |   32   |
|   add_ln12_1_reg_437   |   32   |
|    add_ln12_reg_432    |   32   |
|   add_ln15_2_reg_475   |   32   |
|      empty_reg_197     |   32   |
|   gmem_addr_1_reg_454  |   32   |
|gmem_addr_2_read_reg_486|   32   |
|   gmem_addr_2_reg_469  |   32   |
|gmem_addr_3_read_reg_491|   32   |
|   gmem_addr_3_reg_480  |   32   |
| gmem_addr_read_reg_448 |   32   |
|    gmem_addr_reg_442   |   32   |
|       i_0_reg_174      |   31   |
|        i_reg_427       |   31   |
|       j_0_reg_207      |   31   |
|        j_reg_464       |   31   |
|    p_cast10_reg_409    |   33   |
|    p_cast11_reg_404    |   32   |
|    p_cast12_reg_399    |   32   |
|     p_cast_reg_414     |   32   |
|     phi_mul_reg_185    |   32   |
|      tmp_1_reg_501     |   32   |
|       tmp_reg_496      |   32   |
|    xdim_read_reg_393   |   32   |
|    ydim_read_reg_388   |   32   |
+------------------------+--------+
|          Total         |   797  |
+------------------------+--------+

* Multiplexer (MUX) list: 
|----------------------|------|------|------|--------||---------||---------|
|         Comp         |  Pin | Size |  BW  | S x BW ||  Delay  ||   LUT   |
|----------------------|------|------|------|--------||---------||---------|
|  grp_readreq_fu_114  |  p1  |   2  |  32  |   64   ||    9    |
| grp_writeresp_fu_126 |  p0  |   2  |   1  |    2   |
| grp_writeresp_fu_126 |  p1  |   2  |  32  |   64   ||    9    |
|  grp_readreq_fu_149  |  p1  |   2  |  32  |   64   ||    9    |
|    phi_mul_reg_185   |  p0  |   2  |  32  |   64   ||    9    |
|----------------------|------|------|------|--------||---------||---------|
|         Total        |      |      |      |   258  ||  8.845  ||    36   |
|----------------------|------|------|------|--------||---------||---------|



* Summary:
+-----------+--------+--------+--------+--------+
|           | DSP48E |  Delay |   FF   |   LUT  |
+-----------+--------+--------+--------+--------+
|  Function |    5   |    -   |   348  |  1054  |
|   Memory  |    -   |    -   |    -   |    -   |
|Multiplexer|    -   |    8   |    -   |   36   |
|  Register |    -   |    -   |   797  |    -   |
+-----------+--------+--------+--------+--------+
|   Total   |    5   |    8   |  1145  |  1090  |
+-----------+--------+--------+--------+--------+
