

================================================================
== Vivado HLS Report for 'forward_fcc'
================================================================
* Date:           Wed Nov 24 22:25:15 2021

* Version:        2019.2 (Build 2704478 on Wed Nov 06 22:10:23 MST 2019)
* Project:        fwprop
* Solution:       solution1
* Product family: zynq
* Target device:  xc7z020-clg484-1


================================================================
== Performance Estimates
================================================================
+ Timing: 
    * Summary: 
    +--------+----------+----------+------------+
    |  Clock |  Target  | Estimated| Uncertainty|
    +--------+----------+----------+------------+
    |ap_clk  | 10.00 ns | 8.750 ns |   1.25 ns  |
    +--------+----------+----------+------------+

+ Latency: 
    * Summary: 
    +---------+---------+----------+----------+-----+-----+---------+
    |  Latency (cycles) |  Latency (absolute) |  Interval | Pipeline|
    |   min   |   max   |    min   |    max   | min | max |   Type  |
    +---------+---------+----------+----------+-----+-----+---------+
    |        ?|        ?|         ?|         ?|    ?|    ?|   none  |
    +---------+---------+----------+----------+-----+-----+---------+

    + Detail: 
        * Instance: 
        N/A

        * Loop: 
        +-------------+---------+---------+----------+-----------+-----------+------+----------+
        |             |  Latency (cycles) | Iteration|  Initiation Interval  | Trip |          |
        |  Loop Name  |   min   |   max   |  Latency |  achieved |   target  | Count| Pipelined|
        +-------------+---------+---------+----------+-----------+-----------+------+----------+
        |- Loop 1     |        ?|        ?|         ?|          -|          -|     ?|    no    |
        | + Loop 1.1  |        ?|        ?|        25|          -|          -|     ?|    no    |
        +-------------+---------+---------+----------+-----------+-----------+------+----------+



================================================================
== Utilization Estimates
================================================================
* Summary: 
+-----------------+---------+-------+--------+-------+-----+
|       Name      | BRAM_18K| DSP48E|   FF   |  LUT  | URAM|
+-----------------+---------+-------+--------+-------+-----+
|DSP              |        -|      -|       -|      -|    -|
|Expression       |        -|      -|       0|    347|    -|
|FIFO             |        -|      -|       -|      -|    -|
|Instance         |        2|      5|    1118|   1715|    -|
|Memory           |        -|      -|       -|      -|    -|
|Multiplexer      |        -|      -|       -|    317|    -|
|Register         |        -|      -|     765|      -|    -|
+-----------------+---------+-------+--------+-------+-----+
|Total            |        2|      5|    1883|   2379|    0|
+-----------------+---------+-------+--------+-------+-----+
|Available        |      280|    220|  106400|  53200|    0|
+-----------------+---------+-------+--------+-------+-----+
|Utilization (%)  |    ~0   |      2|       1|      4|    0|
+-----------------+---------+-------+--------+-------+-----+

+ Detail: 
    * Instance: 
    +------------------------------+----------------------------+---------+-------+-----+-----+-----+
    |           Instance           |           Module           | BRAM_18K| DSP48E|  FF | LUT | URAM|
    +------------------------------+----------------------------+---------+-------+-----+-----+-----+
    |forward_fcc_AXILiteS_s_axi_U  |forward_fcc_AXILiteS_s_axi  |        0|      0|  258|  424|    0|
    |forward_fcc_fadd_bkb_U1       |forward_fcc_fadd_bkb        |        0|      2|  205|  390|    0|
    |forward_fcc_fmul_cud_U2       |forward_fcc_fmul_cud        |        0|      3|  143|  321|    0|
    |forward_fcc_gmem_m_axi_U      |forward_fcc_gmem_m_axi      |        2|      0|  512|  580|    0|
    +------------------------------+----------------------------+---------+-------+-----+-----+-----+
    |Total                         |                            |        2|      5| 1118| 1715|    0|
    +------------------------------+----------------------------+---------+-------+-----+-----+-----+

    * DSP48E: 
    N/A

    * Memory: 
    N/A

    * FIFO: 
    N/A

    * Expression: 
    +----------------------+----------+-------+---+----+------------+------------+
    |     Variable Name    | Operation| DSP48E| FF| LUT| Bitwidth P0| Bitwidth P1|
    +----------------------+----------+-------+---+----+------------+------------+
    |add_ln11_fu_283_p2    |     +    |      0|  0|  39|          32|          32|
    |add_ln12_1_fu_308_p2  |     +    |      0|  0|  39|          32|          32|
    |add_ln12_fu_303_p2    |     +    |      0|  0|  39|          32|          32|
    |add_ln15_1_fu_358_p2  |     +    |      0|  0|  40|          33|          33|
    |add_ln15_2_fu_373_p2  |     +    |      0|  0|  39|          32|          32|
    |add_ln15_fu_348_p2    |     +    |      0|  0|  39|          32|          32|
    |i_fu_297_p2           |     +    |      0|  0|  38|          31|           1|
    |j_fu_342_p2           |     +    |      0|  0|  38|          31|           1|
    |icmp_ln11_fu_292_p2   |   icmp   |      0|  0|  18|          32|          32|
    |icmp_ln14_fu_337_p2   |   icmp   |      0|  0|  18|          32|          32|
    +----------------------+----------+-------+---+----+------------+------------+
    |Total                 |          |      0|  0| 347|         319|         259|
    +----------------------+----------+-------+---+----+------------+------------+

    * Multiplexer: 
    +-----------------+-----+-----------+-----+-----------+
    |       Name      | LUT | Input Size| Bits| Total Bits|
    +-----------------+-----+-----------+-----+-----------+
    |ap_NS_fsm        |  185|         42|    1|         42|
    |empty_reg_197    |    9|          2|   32|         64|
    |gmem_ARADDR      |   21|          4|   32|        128|
    |gmem_AWADDR      |   15|          3|   32|         96|
    |gmem_WDATA       |   15|          3|   32|         96|
    |gmem_blk_n_AR    |    9|          2|    1|          2|
    |gmem_blk_n_AW    |    9|          2|    1|          2|
    |gmem_blk_n_B     |    9|          2|    1|          2|
    |gmem_blk_n_R     |    9|          2|    1|          2|
    |gmem_blk_n_W     |    9|          2|    1|          2|
    |i_0_reg_174      |    9|          2|   31|         62|
    |j_0_reg_207      |    9|          2|   31|         62|
    |phi_mul_reg_185  |    9|          2|   32|         64|
    +-----------------+-----+-----------+-----+-----------+
    |Total            |  317|         70|  228|        624|
    +-----------------+-----+-----------+-----+-----------+

    * Register: 
    +--------------------------+----+----+-----+-----------+
    |           Name           | FF | LUT| Bits| Const Bits|
    +--------------------------+----+----+-----+-----------+
    |add_ln11_reg_419          |  32|   0|   32|          0|
    |add_ln12_1_reg_437        |  32|   0|   32|          0|
    |add_ln12_reg_432          |  32|   0|   32|          0|
    |add_ln15_2_reg_475        |  32|   0|   32|          0|
    |ap_CS_fsm                 |  41|   0|   41|          0|
    |empty_reg_197             |  32|   0|   32|          0|
    |gmem_addr_1_reg_454       |  32|   0|   32|          0|
    |gmem_addr_2_read_reg_486  |  32|   0|   32|          0|
    |gmem_addr_2_reg_469       |  32|   0|   32|          0|
    |gmem_addr_3_read_reg_491  |  32|   0|   32|          0|
    |gmem_addr_read_reg_448    |  32|   0|   32|          0|
    |i_0_reg_174               |  31|   0|   31|          0|
    |i_reg_427                 |  31|   0|   31|          0|
    |j_0_reg_207               |  31|   0|   31|          0|
    |j_reg_464                 |  31|   0|   31|          0|
    |p_cast10_reg_409          |  30|   0|   33|          3|
    |p_cast11_reg_404          |  30|   0|   32|          2|
    |p_cast12_reg_399          |  30|   0|   32|          2|
    |p_cast_reg_414            |  30|   0|   32|          2|
    |phi_mul_reg_185           |  32|   0|   32|          0|
    |tmp_1_reg_501             |  32|   0|   32|          0|
    |tmp_reg_496               |  32|   0|   32|          0|
    |xdim_read_reg_393         |  32|   0|   32|          0|
    |ydim_read_reg_388         |  32|   0|   32|          0|
    +--------------------------+----+----+-----+-----------+
    |Total                     | 765|   0|  774|          9|
    +--------------------------+----+----+-----+-----------+



================================================================
== Interface
================================================================
* Summary: 
+------------------------+-----+-----+------------+--------------+--------------+
|        RTL Ports       | Dir | Bits|  Protocol  | Source Object|    C Type    |
+------------------------+-----+-----+------------+--------------+--------------+
|s_axi_AXILiteS_AWVALID  |  in |    1|    s_axi   |   AXILiteS   |    scalar    |
|s_axi_AXILiteS_AWREADY  | out |    1|    s_axi   |   AXILiteS   |    scalar    |
|s_axi_AXILiteS_AWADDR   |  in |    6|    s_axi   |   AXILiteS   |    scalar    |
|s_axi_AXILiteS_WVALID   |  in |    1|    s_axi   |   AXILiteS   |    scalar    |
|s_axi_AXILiteS_WREADY   | out |    1|    s_axi   |   AXILiteS   |    scalar    |
|s_axi_AXILiteS_WDATA    |  in |   32|    s_axi   |   AXILiteS   |    scalar    |
|s_axi_AXILiteS_WSTRB    |  in |    4|    s_axi   |   AXILiteS   |    scalar    |
|s_axi_AXILiteS_ARVALID  |  in |    1|    s_axi   |   AXILiteS   |    scalar    |
|s_axi_AXILiteS_ARREADY  | out |    1|    s_axi   |   AXILiteS   |    scalar    |
|s_axi_AXILiteS_ARADDR   |  in |    6|    s_axi   |   AXILiteS   |    scalar    |
|s_axi_AXILiteS_RVALID   | out |    1|    s_axi   |   AXILiteS   |    scalar    |
|s_axi_AXILiteS_RREADY   |  in |    1|    s_axi   |   AXILiteS   |    scalar    |
|s_axi_AXILiteS_RDATA    | out |   32|    s_axi   |   AXILiteS   |    scalar    |
|s_axi_AXILiteS_RRESP    | out |    2|    s_axi   |   AXILiteS   |    scalar    |
|s_axi_AXILiteS_BVALID   | out |    1|    s_axi   |   AXILiteS   |    scalar    |
|s_axi_AXILiteS_BREADY   |  in |    1|    s_axi   |   AXILiteS   |    scalar    |
|s_axi_AXILiteS_BRESP    | out |    2|    s_axi   |   AXILiteS   |    scalar    |
|ap_clk                  |  in |    1| ap_ctrl_hs |  forward_fcc | return value |
|ap_rst_n                |  in |    1| ap_ctrl_hs |  forward_fcc | return value |
|ap_start                |  in |    1| ap_ctrl_hs |  forward_fcc | return value |
|ap_done                 | out |    1| ap_ctrl_hs |  forward_fcc | return value |
|ap_idle                 | out |    1| ap_ctrl_hs |  forward_fcc | return value |
|ap_ready                | out |    1| ap_ctrl_hs |  forward_fcc | return value |
|m_axi_gmem_AWVALID      | out |    1|    m_axi   |     gmem     |    pointer   |
|m_axi_gmem_AWREADY      |  in |    1|    m_axi   |     gmem     |    pointer   |
|m_axi_gmem_AWADDR       | out |   32|    m_axi   |     gmem     |    pointer   |
|m_axi_gmem_AWID         | out |    1|    m_axi   |     gmem     |    pointer   |
|m_axi_gmem_AWLEN        | out |    8|    m_axi   |     gmem     |    pointer   |
|m_axi_gmem_AWSIZE       | out |    3|    m_axi   |     gmem     |    pointer   |
|m_axi_gmem_AWBURST      | out |    2|    m_axi   |     gmem     |    pointer   |
|m_axi_gmem_AWLOCK       | out |    2|    m_axi   |     gmem     |    pointer   |
|m_axi_gmem_AWCACHE      | out |    4|    m_axi   |     gmem     |    pointer   |
|m_axi_gmem_AWPROT       | out |    3|    m_axi   |     gmem     |    pointer   |
|m_axi_gmem_AWQOS        | out |    4|    m_axi   |     gmem     |    pointer   |
|m_axi_gmem_AWREGION     | out |    4|    m_axi   |     gmem     |    pointer   |
|m_axi_gmem_AWUSER       | out |    1|    m_axi   |     gmem     |    pointer   |
|m_axi_gmem_WVALID       | out |    1|    m_axi   |     gmem     |    pointer   |
|m_axi_gmem_WREADY       |  in |    1|    m_axi   |     gmem     |    pointer   |
|m_axi_gmem_WDATA        | out |   32|    m_axi   |     gmem     |    pointer   |
|m_axi_gmem_WSTRB        | out |    4|    m_axi   |     gmem     |    pointer   |
|m_axi_gmem_WLAST        | out |    1|    m_axi   |     gmem     |    pointer   |
|m_axi_gmem_WID          | out |    1|    m_axi   |     gmem     |    pointer   |
|m_axi_gmem_WUSER        | out |    1|    m_axi   |     gmem     |    pointer   |
|m_axi_gmem_ARVALID      | out |    1|    m_axi   |     gmem     |    pointer   |
|m_axi_gmem_ARREADY      |  in |    1|    m_axi   |     gmem     |    pointer   |
|m_axi_gmem_ARADDR       | out |   32|    m_axi   |     gmem     |    pointer   |
|m_axi_gmem_ARID         | out |    1|    m_axi   |     gmem     |    pointer   |
|m_axi_gmem_ARLEN        | out |    8|    m_axi   |     gmem     |    pointer   |
|m_axi_gmem_ARSIZE       | out |    3|    m_axi   |     gmem     |    pointer   |
|m_axi_gmem_ARBURST      | out |    2|    m_axi   |     gmem     |    pointer   |
|m_axi_gmem_ARLOCK       | out |    2|    m_axi   |     gmem     |    pointer   |
|m_axi_gmem_ARCACHE      | out |    4|    m_axi   |     gmem     |    pointer   |
|m_axi_gmem_ARPROT       | out |    3|    m_axi   |     gmem     |    pointer   |
|m_axi_gmem_ARQOS        | out |    4|    m_axi   |     gmem     |    pointer   |
|m_axi_gmem_ARREGION     | out |    4|    m_axi   |     gmem     |    pointer   |
|m_axi_gmem_ARUSER       | out |    1|    m_axi   |     gmem     |    pointer   |
|m_axi_gmem_RVALID       |  in |    1|    m_axi   |     gmem     |    pointer   |
|m_axi_gmem_RREADY       | out |    1|    m_axi   |     gmem     |    pointer   |
|m_axi_gmem_RDATA        |  in |   32|    m_axi   |     gmem     |    pointer   |
|m_axi_gmem_RLAST        |  in |    1|    m_axi   |     gmem     |    pointer   |
|m_axi_gmem_RID          |  in |    1|    m_axi   |     gmem     |    pointer   |
|m_axi_gmem_RUSER        |  in |    1|    m_axi   |     gmem     |    pointer   |
|m_axi_gmem_RRESP        |  in |    2|    m_axi   |     gmem     |    pointer   |
|m_axi_gmem_BVALID       |  in |    1|    m_axi   |     gmem     |    pointer   |
|m_axi_gmem_BREADY       | out |    1|    m_axi   |     gmem     |    pointer   |
|m_axi_gmem_BRESP        |  in |    2|    m_axi   |     gmem     |    pointer   |
|m_axi_gmem_BID          |  in |    1|    m_axi   |     gmem     |    pointer   |
|m_axi_gmem_BUSER        |  in |    1|    m_axi   |     gmem     |    pointer   |
+------------------------+-----+-----+------------+--------------+--------------+

